1719974103273	geckodriver	INFO	Listening on 127.0.0.1:50303
1719974103663	mozrunner::runner	INFO	Running command: MOZ_CRASHREPORTER="1" MOZ_CRASHREPORTER_NO_REPORT="1" MOZ_CRASHREPORTER_SHUTDOWN="1" MOZ_NO_REMOTE="1" "/sna ... te" "--remote-debugging-port" "46415" "--remote-allow-hosts" "localhost" "-no-remote" "-profile" "/tmp/rust_mozprofile0XFjJM"
Gtk-Message: 21:35:03.699: Not loading module "atk-bridge": The functionality is provided by GTK natively. Please try to not load it.
[75941, Main Thread] WARNING: GTK+ module /snap/firefox/4483/gnome-platform/usr/lib/gtk-2.0/modules/libcanberra-gtk-module.so cannot be loaded.
GTK+ 2.x symbols detected. Using GTK+ 2.x and GTK+ 3 in the same process is not supported.: 'glib warning', file /build/firefox/parts/firefox/build/toolkit/xre/nsSigHandlers.cpp:187

(firefox:75941): Gtk-WARNING **: 21:35:03.812: GTK+ module /snap/firefox/4483/gnome-platform/usr/lib/gtk-2.0/modules/libcanberra-gtk-module.so cannot be loaded.
GTK+ 2.x symbols detected. Using GTK+ 2.x and GTK+ 3 in the same process is not supported.
Gtk-Message: 21:35:03.812: Failed to load module "canberra-gtk-module"
[75941, Main Thread] WARNING: GTK+ module /snap/firefox/4483/gnome-platform/usr/lib/gtk-2.0/modules/libcanberra-gtk-module.so cannot be loaded.
GTK+ 2.x symbols detected. Using GTK+ 2.x and GTK+ 3 in the same process is not supported.: 'glib warning', file /build/firefox/parts/firefox/build/toolkit/xre/nsSigHandlers.cpp:187

(firefox:75941): Gtk-WARNING **: 21:35:03.814: GTK+ module /snap/firefox/4483/gnome-platform/usr/lib/gtk-2.0/modules/libcanberra-gtk-module.so cannot be loaded.
GTK+ 2.x symbols detected. Using GTK+ 2.x and GTK+ 3 in the same process is not supported.
Gtk-Message: 21:35:03.814: Failed to load module "canberra-gtk-module"
console.warn: services.settings: Ignoring preference override of remote settings server
console.warn: services.settings: Allow by setting MOZ_REMOTE_SETTINGS_DEVTOOLS=1 in the environment
1719974104637	Marionette	INFO	Marionette enabled
1719974105841	Marionette	INFO	Listening on port 41211
WebDriver BiDi listening on ws://127.0.0.1:46415
Read port: 41211
1719974106447	RemoteAgent	WARN	TLS certificate errors will be ignored for this session
console.error: ({})
DevTools listening on ws://127.0.0.1:46415/devtools/browser/92a235a7-db26-4b51-afe6-b50a4c3d76db
console.error: (new TypeError("this._searchProviderInfo is null", "resource:///modules/SearchSERPTelemetry.sys.mjs", 939))
JavaScript error: resource:///modules/SearchSERPTelemetry.sys.mjs, line 939: TypeError: this._searchProviderInfo is null
JavaScript error: resource:///modules/SearchSERPTelemetry.sys.mjs, line 939: TypeError: this._searchProviderInfo is null
JavaScript error: https://www.cambridgeone.org/notifications/js/announcement-component.js?v=1719974112979, line 2: SyntaxError: JSON.parse: unexpected character at line 1 column 1 of the JSON data
JavaScript error: https://www.cambridgeone.org/notifications/js/announcement-component.js?v=1719974113256, line 2: SyntaxError: JSON.parse: unexpected character at line 1 column 1 of the JSON data
console.warn: LoginRecipes: "Falling back to a synchronous message for: https://www.cambridgeone.org."
console.warn: LoginRecipes: "Falling back to a synchronous message for: https://www.cambridgeone.org."
console.warn: LoginRecipes: "Falling back to a synchronous message for: https://www.cambridgeone.org."
console.warn: LoginRecipes: "Falling back to a synchronous message for: https://www.cambridgeone.org."
console.warn: LoginRecipes: "Falling back to a synchronous message for: https://www.cambridgeone.org."
console.warn: LoginRecipes: "Falling back to a synchronous message for: https://www.cambridgeone.org."
console.warn: LoginRecipes: "Falling back to a synchronous message for: https://www.cambridgeone.org."
console.warn: LoginRecipes: "Falling back to a synchronous message for: https://www.cambridgeone.org."
console.warn: LoginRecipes: "Falling back to a synchronous message for: https://www.cambridgeone.org."
console.warn: LoginRecipes: "Falling back to a synchronous message for: https://www.cambridgeone.org."
console.error: "update.locale" " file doesn't exist in either the application or GRE directories"
1719974134647	addons.xpi	ERROR	System addon update list error SyntaxError: XMLHttpRequest.open: 'http://%(server)s/dummy-system-addons.xml' is not a valid URL.
1719974145171	Marionette	INFO	Stopped listening on port 41211
1719975370395	geckodriver	INFO	Listening on 127.0.0.1:58991
1719975370779	mozrunner::runner	INFO	Running command: MOZ_CRASHREPORTER="1" MOZ_CRASHREPORTER_NO_REPORT="1" MOZ_CRASHREPORTER_SHUTDOWN="1" MOZ_NO_REMOTE="1" "/sna ... te" "--remote-debugging-port" "56617" "--remote-allow-hosts" "localhost" "-no-remote" "-profile" "/tmp/rust_mozprofilezmiSv5"
Gtk-Message: 21:56:10.814: Not loading module "atk-bridge": The functionality is provided by GTK natively. Please try to not load it.
[77210, Main Thread] WARNING: GTK+ module /snap/firefox/4483/gnome-platform/usr/lib/gtk-2.0/modules/libcanberra-gtk-module.so cannot be loaded.
GTK+ 2.x symbols detected. Using GTK+ 2.x and GTK+ 3 in the same process is not supported.: 'glib warning', file /build/firefox/parts/firefox/build/toolkit/xre/nsSigHandlers.cpp:187

(firefox:77210): Gtk-WARNING **: 21:56:10.920: GTK+ module /snap/firefox/4483/gnome-platform/usr/lib/gtk-2.0/modules/libcanberra-gtk-module.so cannot be loaded.
GTK+ 2.x symbols detected. Using GTK+ 2.x and GTK+ 3 in the same process is not supported.
Gtk-Message: 21:56:10.920: Failed to load module "canberra-gtk-module"
[77210, Main Thread] WARNING: GTK+ module /snap/firefox/4483/gnome-platform/usr/lib/gtk-2.0/modules/libcanberra-gtk-module.so cannot be loaded.
GTK+ 2.x symbols detected. Using GTK+ 2.x and GTK+ 3 in the same process is not supported.: 'glib warning', file /build/firefox/parts/firefox/build/toolkit/xre/nsSigHandlers.cpp:187

(firefox:77210): Gtk-WARNING **: 21:56:10.922: GTK+ module /snap/firefox/4483/gnome-platform/usr/lib/gtk-2.0/modules/libcanberra-gtk-module.so cannot be loaded.
GTK+ 2.x symbols detected. Using GTK+ 2.x and GTK+ 3 in the same process is not supported.
Gtk-Message: 21:56:10.922: Failed to load module "canberra-gtk-module"
console.warn: services.settings: Ignoring preference override of remote settings server
console.warn: services.settings: Allow by setting MOZ_REMOTE_SETTINGS_DEVTOOLS=1 in the environment
1719975371824	Marionette	INFO	Marionette enabled
1719975373139	Marionette	INFO	Listening on port 36433
WebDriver BiDi listening on ws://127.0.0.1:56617
Read port: 36433
1719975373797	RemoteAgent	WARN	TLS certificate errors will be ignored for this session
console.error: ({})
DevTools listening on ws://127.0.0.1:56617/devtools/browser/4d6e5d29-1dbd-4f71-81af-fc5cb2732de3
console.error: (new TypeError("this._searchProviderInfo is null", "resource:///modules/SearchSERPTelemetry.sys.mjs", 939))
JavaScript error: https://www.cambridgeone.org/notifications/js/announcement-component.js?v=1719975381601, line 2: SyntaxError: JSON.parse: unexpected character at line 1 column 1 of the JSON data
JavaScript error: https://www.cambridgeone.org/notifications/js/announcement-component.js?v=1719975381601, line 2: SyntaxError: JSON.parse: unexpected character at line 1 column 1 of the JSON data
console.warn: LoginRecipes: "Falling back to a synchronous message for: https://www.cambridgeone.org."
console.warn: LoginRecipes: "Falling back to a synchronous message for: https://www.cambridgeone.org."
console.warn: LoginRecipes: "Falling back to a synchronous message for: https://www.cambridgeone.org."
console.warn: LoginRecipes: "Falling back to a synchronous message for: https://www.cambridgeone.org."
console.warn: LoginRecipes: "Falling back to a synchronous message for: https://www.cambridgeone.org."
console.warn: LoginRecipes: "Falling back to a synchronous message for: https://www.cambridgeone.org."
console.warn: LoginRecipes: "Falling back to a synchronous message for: https://www.cambridgeone.org."
console.warn: LoginRecipes: "Falling back to a synchronous message for: https://www.cambridgeone.org."
console.warn: LoginRecipes: "Falling back to a synchronous message for: https://www.cambridgeone.org."
console.warn: LoginRecipes: "Falling back to a synchronous message for: https://www.cambridgeone.org."
console.error: "update.locale" " file doesn't exist in either the application or GRE directories"
1719975401829	addons.xpi	ERROR	System addon update list error SyntaxError: XMLHttpRequest.open: 'http://%(server)s/dummy-system-addons.xml' is not a valid URL.
1719975413376	Marionette	INFO	Stopped listening on port 36433
JavaScript warning: https://content.cambridgeone.org/cup1/products/evdgl3bsc/12/assets/deps/engine/buckminster-36.0.0-beta.6.0/player.js, line 1: Script terminated by timeout at:
delay</<@https://content.cambridgeone.org/cup1/products/evdgl3bsc/12/assets/deps/engine/buckminster-36.0.0-beta.6.0/player.js:1:255250

1719978362188	geckodriver	INFO	Listening on 127.0.0.1:50065
1719978362554	mozrunner::runner	INFO	Running command: MOZ_CRASHREPORTER="1" MOZ_CRASHREPORTER_NO_REPORT="1" MOZ_CRASHREPORTER_SHUTDOWN="1" MOZ_NO_REMOTE="1" "/sna ... te" "--remote-debugging-port" "55737" "--remote-allow-hosts" "localhost" "-no-remote" "-profile" "/tmp/rust_mozprofilecc8tnb"
Gtk-Message: 22:46:02.589: Not loading module "atk-bridge": The functionality is provided by GTK natively. Please try to not load it.
[80660, Main Thread] WARNING: GTK+ module /snap/firefox/4483/gnome-platform/usr/lib/gtk-2.0/modules/libcanberra-gtk-module.so cannot be loaded.
GTK+ 2.x symbols detected. Using GTK+ 2.x and GTK+ 3 in the same process is not supported.: 'glib warning', file /build/firefox/parts/firefox/build/toolkit/xre/nsSigHandlers.cpp:187

(firefox:80660): Gtk-WARNING **: 22:46:02.699: GTK+ module /snap/firefox/4483/gnome-platform/usr/lib/gtk-2.0/modules/libcanberra-gtk-module.so cannot be loaded.
GTK+ 2.x symbols detected. Using GTK+ 2.x and GTK+ 3 in the same process is not supported.
Gtk-Message: 22:46:02.699: Failed to load module "canberra-gtk-module"
[80660, Main Thread] WARNING: GTK+ module /snap/firefox/4483/gnome-platform/usr/lib/gtk-2.0/modules/libcanberra-gtk-module.so cannot be loaded.
GTK+ 2.x symbols detected. Using GTK+ 2.x and GTK+ 3 in the same process is not supported.: 'glib warning', file /build/firefox/parts/firefox/build/toolkit/xre/nsSigHandlers.cpp:187

(firefox:80660): Gtk-WARNING **: 22:46:02.700: GTK+ module /snap/firefox/4483/gnome-platform/usr/lib/gtk-2.0/modules/libcanberra-gtk-module.so cannot be loaded.
GTK+ 2.x symbols detected. Using GTK+ 2.x and GTK+ 3 in the same process is not supported.
Gtk-Message: 22:46:02.700: Failed to load module "canberra-gtk-module"
console.warn: services.settings: Ignoring preference override of remote settings server
console.warn: services.settings: Allow by setting MOZ_REMOTE_SETTINGS_DEVTOOLS=1 in the environment
1719978363618	Marionette	INFO	Marionette enabled
1719978365247	Marionette	INFO	Listening on port 43875
Read port: 43875
WebDriver BiDi listening on ws://127.0.0.1:55737
1719978365702	RemoteAgent	WARN	TLS certificate errors will be ignored for this session
console.error: ({})
DevTools listening on ws://127.0.0.1:55737/devtools/browser/c44d35cd-06ac-4ef5-a5b3-0cea84d27df4
console.error: (new TypeError("this._searchProviderInfo is null", "resource:///modules/SearchSERPTelemetry.sys.mjs", 939))
JavaScript error: https://www.cambridgeone.org/notifications/js/announcement-component.js?v=1719978372714, line 2: SyntaxError: JSON.parse: unexpected character at line 1 column 1 of the JSON data
JavaScript error: https://www.cambridgeone.org/notifications/js/announcement-component.js?v=1719978372829, line 2: SyntaxError: JSON.parse: unexpected character at line 1 column 1 of the JSON data
console.warn: LoginRecipes: "Falling back to a synchronous message for: https://www.cambridgeone.org."
console.warn: LoginRecipes: "Falling back to a synchronous message for: https://www.cambridgeone.org."
console.warn: LoginRecipes: "Falling back to a synchronous message for: https://www.cambridgeone.org."
console.warn: LoginRecipes: "Falling back to a synchronous message for: https://www.cambridgeone.org."
console.warn: LoginRecipes: "Falling back to a synchronous message for: https://www.cambridgeone.org."
console.warn: LoginRecipes: "Falling back to a synchronous message for: https://www.cambridgeone.org."
console.warn: LoginRecipes: "Falling back to a synchronous message for: https://www.cambridgeone.org."
console.warn: LoginRecipes: "Falling back to a synchronous message for: https://www.cambridgeone.org."
console.warn: LoginRecipes: "Falling back to a synchronous message for: https://www.cambridgeone.org."
console.warn: LoginRecipes: "Falling back to a synchronous message for: https://www.cambridgeone.org."
console.warn: LoginRecipes: "Falling back to a synchronous message for: https://www.cambridgeone.org."
console.warn: LoginRecipes: "Falling back to a synchronous message for: https://www.cambridgeone.org."
console.error: "update.locale" " file doesn't exist in either the application or GRE directories"
1719978393658	addons.xpi	ERROR	System addon update list error SyntaxError: XMLHttpRequest.open: 'http://%(server)s/dummy-system-addons.xml' is not a valid URL.
1719978399615	Marionette	INFO	Stopped listening on port 43875
JavaScript warning: https://content.cambridgeone.org/cup1/products/evdgl3bsc/12/assets/deps/engine/buckminster-36.0.0-beta.6.0/player.js, line 1: Script terminated by timeout at:
x/this.domHandler@https://content.cambridgeone.org/cup1/products/evdgl3bsc/12/assets/deps/engine/buckminster-36.0.0-beta.6.0/player.js:1:1558474

1719979007475	geckodriver	INFO	Listening on 127.0.0.1:42541
1719979007865	mozrunner::runner	INFO	Running command: MOZ_CRASHREPORTER="1" MOZ_CRASHREPORTER_NO_REPORT="1" MOZ_CRASHREPORTER_SHUTDOWN="1" MOZ_NO_REMOTE="1" "/sna ... te" "--remote-debugging-port" "60729" "--remote-allow-hosts" "localhost" "-no-remote" "-profile" "/tmp/rust_mozprofileAnqtQ3"
Gtk-Message: 22:56:47.901: Not loading module "atk-bridge": The functionality is provided by GTK natively. Please try to not load it.
[82374, Main Thread] WARNING: GTK+ module /snap/firefox/4483/gnome-platform/usr/lib/gtk-2.0/modules/libcanberra-gtk-module.so cannot be loaded.
GTK+ 2.x symbols detected. Using GTK+ 2.x and GTK+ 3 in the same process is not supported.: 'glib warning', file /build/firefox/parts/firefox/build/toolkit/xre/nsSigHandlers.cpp:187

(firefox:82374): Gtk-WARNING **: 22:56:48.027: GTK+ module /snap/firefox/4483/gnome-platform/usr/lib/gtk-2.0/modules/libcanberra-gtk-module.so cannot be loaded.
GTK+ 2.x symbols detected. Using GTK+ 2.x and GTK+ 3 in the same process is not supported.
Gtk-Message: 22:56:48.027: Failed to load module "canberra-gtk-module"
[82374, Main Thread] WARNING: GTK+ module /snap/firefox/4483/gnome-platform/usr/lib/gtk-2.0/modules/libcanberra-gtk-module.so cannot be loaded.
GTK+ 2.x symbols detected. Using GTK+ 2.x and GTK+ 3 in the same process is not supported.: 'glib warning', file /build/firefox/parts/firefox/build/toolkit/xre/nsSigHandlers.cpp:187

(firefox:82374): Gtk-WARNING **: 22:56:48.029: GTK+ module /snap/firefox/4483/gnome-platform/usr/lib/gtk-2.0/modules/libcanberra-gtk-module.so cannot be loaded.
GTK+ 2.x symbols detected. Using GTK+ 2.x and GTK+ 3 in the same process is not supported.
Gtk-Message: 22:56:48.029: Failed to load module "canberra-gtk-module"
console.warn: services.settings: Ignoring preference override of remote settings server
console.warn: services.settings: Allow by setting MOZ_REMOTE_SETTINGS_DEVTOOLS=1 in the environment
1719979008905	Marionette	INFO	Marionette enabled
1719979010333	Marionette	INFO	Listening on port 38249
WebDriver BiDi listening on ws://127.0.0.1:60729
Read port: 38249
1719979011241	RemoteAgent	WARN	TLS certificate errors will be ignored for this session
console.error: ({})
DevTools listening on ws://127.0.0.1:60729/devtools/browser/033dd292-179e-436f-9f32-6458903b5a94
console.error: (new TypeError("this._searchProviderInfo is null", "resource:///modules/SearchSERPTelemetry.sys.mjs", 939))
JavaScript error: resource:///modules/SearchSERPTelemetry.sys.mjs, line 939: TypeError: this._searchProviderInfo is null
JavaScript error: resource:///modules/SearchSERPTelemetry.sys.mjs, line 939: TypeError: this._searchProviderInfo is null
JavaScript error: https://www.cambridgeone.org/notifications/js/announcement-component.js?v=1719979017975, line 2: SyntaxError: JSON.parse: unexpected character at line 1 column 1 of the JSON data
JavaScript error: https://www.cambridgeone.org/notifications/js/announcement-component.js?v=1719979018155, line 2: SyntaxError: JSON.parse: unexpected character at line 1 column 1 of the JSON data
console.warn: LoginRecipes: "Falling back to a synchronous message for: https://www.cambridgeone.org."
console.warn: LoginRecipes: "Falling back to a synchronous message for: https://www.cambridgeone.org."
console.error: "update.locale" " file doesn't exist in either the application or GRE directories"
1719979039401	addons.xpi	ERROR	System addon update list error SyntaxError: XMLHttpRequest.open: 'http://%(server)s/dummy-system-addons.xml' is not a valid URL.
1719979047928	Marionette	INFO	Stopped listening on port 38249
1719979386972	geckodriver	INFO	Listening on 127.0.0.1:50965
1719979387325	mozrunner::runner	INFO	Running command: MOZ_CRASHREPORTER="1" MOZ_CRASHREPORTER_NO_REPORT="1" MOZ_CRASHREPORTER_SHUTDOWN="1" MOZ_NO_REMOTE="1" "/sna ... te" "--remote-debugging-port" "34305" "--remote-allow-hosts" "localhost" "-no-remote" "-profile" "/tmp/rust_mozprofileVF1KxU"
Gtk-Message: 23:03:07.361: Not loading module "atk-bridge": The functionality is provided by GTK natively. Please try to not load it.
[83254, Main Thread] WARNING: GTK+ module /snap/firefox/4483/gnome-platform/usr/lib/gtk-2.0/modules/libcanberra-gtk-module.so cannot be loaded.
GTK+ 2.x symbols detected. Using GTK+ 2.x and GTK+ 3 in the same process is not supported.: 'glib warning', file /build/firefox/parts/firefox/build/toolkit/xre/nsSigHandlers.cpp:187

(firefox:83254): Gtk-WARNING **: 23:03:07.486: GTK+ module /snap/firefox/4483/gnome-platform/usr/lib/gtk-2.0/modules/libcanberra-gtk-module.so cannot be loaded.
GTK+ 2.x symbols detected. Using GTK+ 2.x and GTK+ 3 in the same process is not supported.
Gtk-Message: 23:03:07.486: Failed to load module "canberra-gtk-module"
[83254, Main Thread] WARNING: GTK+ module /snap/firefox/4483/gnome-platform/usr/lib/gtk-2.0/modules/libcanberra-gtk-module.so cannot be loaded.
GTK+ 2.x symbols detected. Using GTK+ 2.x and GTK+ 3 in the same process is not supported.: 'glib warning', file /build/firefox/parts/firefox/build/toolkit/xre/nsSigHandlers.cpp:187

(firefox:83254): Gtk-WARNING **: 23:03:07.489: GTK+ module /snap/firefox/4483/gnome-platform/usr/lib/gtk-2.0/modules/libcanberra-gtk-module.so cannot be loaded.
GTK+ 2.x symbols detected. Using GTK+ 2.x and GTK+ 3 in the same process is not supported.
Gtk-Message: 23:03:07.489: Failed to load module "canberra-gtk-module"
console.warn: services.settings: Ignoring preference override of remote settings server
console.warn: services.settings: Allow by setting MOZ_REMOTE_SETTINGS_DEVTOOLS=1 in the environment
1719979388300	Marionette	INFO	Marionette enabled
1719979389434	Marionette	INFO	Listening on port 41809
WebDriver BiDi listening on ws://127.0.0.1:34305
Read port: 41809
1719979390060	RemoteAgent	WARN	TLS certificate errors will be ignored for this session
console.error: ({})
DevTools listening on ws://127.0.0.1:34305/devtools/browser/ac6ee539-474e-4df6-8fda-c2b4fdf0b05f
console.error: (new TypeError("this._searchProviderInfo is null", "resource:///modules/SearchSERPTelemetry.sys.mjs", 939))
1719979396453	Marionette	INFO	Stopped listening on port 41809
JavaScript warning: https://cdns.eu1.gigya.com/js/gigya.js?apikey=3_NX1rOjMIbJARbnSLyOEciqE4AT0KhoWXQaf7kXIP31POxhH1Y1AHDajGHHp_9XsJ&services=accounts.screenSet, line 67: Script terminated by timeout at:
14@https://cdns.eu1.gigya.com/js/gigya.js?apikey=3_NX1rOjMIbJARbnSLyOEciqE4AT0KhoWXQaf7kXIP31POxhH1Y1AHDajGHHp_9XsJ&services=accounts.screenSet:67:7467
n@https://cdns.eu1.gigya.com/js/gigya.js?apikey=3_NX1rOjMIbJARbnSLyOEciqE4AT0KhoWXQaf7kXIP31POxhH1Y1AHDajGHHp_9XsJ&services=accounts.screenSet:67:110
16@https://cdns.eu1.gigya.com/js/gigya.js?apikey=3_NX1rOjMIbJARbnSLyOEciqE4AT0KhoWXQaf7kXIP31POxhH1Y1AHDajGHHp_9XsJ&services=accounts.screenSet:67:11087
n@https://cdns.eu1.gigya.com/js/gigya.js?apikey=3_NX1rOjMIbJARbnSLyOEciqE4AT0KhoWXQaf7kXIP31POxhH1Y1AHDajGHHp_9XsJ&services=accounts.screenSet:67:110
328@https://cdns.eu1.gigya.com/js/gigya.js?apikey=3_NX1rOjMIbJARbnSLyOEciqE4AT0KhoWXQaf7kXIP31POxhH1Y1AHDajGHHp_9XsJ&services=accounts.screenSet:67:21885
n@https://cdns.eu1.gigya.com/js/gigya.js?apikey=3_NX1rOjMIbJARbnSLyOEciqE4AT0KhoWXQaf7kXIP31POxhH1Y1AHDajGHHp_9XsJ&services=accounts.screenSet:67:110
327/<@https://cdns.eu1.gigya.com/js/gigya.js?apikey=3_NX1rOjMIbJARbnSLyOEciqE4AT0KhoWXQaf7kXIP31POxhH1Y1AHDajGHHp_9XsJ&services=accounts.screenSet:67:21548
327@https://cdns.eu1.gigya.com/js/gigya.js?apikey=3_NX1rOjMIbJARbnSLyOEciqE4AT0KhoWXQaf7kXIP31POxhH1Y1AHDajGHHp_9XsJ&services=accounts.screenSet:67:21776
n@https://cdns.eu1.gigya.com/js/gigya.js?apikey=3_NX1rOjMIbJARbnSLyOEciqE4AT0KhoWXQaf7kXIP31POxhH1Y1AHDajGHHp_9XsJ&services=accounts.screenSet:67:110
@https://cdns.eu1.gigya.com/js/gigya.js?apikey=3_NX1rOjMIbJARbnSLyOEciqE4AT0KhoWXQaf7kXIP31POxhH1Y1AHDajGHHp_9XsJ&services=accounts.screenSet:67:902
@https://cdns.eu1.gigya.com/js/gigya.js?apikey=3_NX1rOjMIbJARbnSLyOEciqE4AT0KhoWXQaf7kXIP31POxhH1Y1AHDajGHHp_9XsJ&services=accounts.screenSet:67:913

JavaScript error: https://assets.cambridgeone.org/onboarding/1717417806041/_nuxt/DxVEV-kW.js, line 58: TypeError: window.gigya.accounts is undefined
1719980033668	geckodriver	INFO	Listening on 127.0.0.1:41093
1719980034004	mozrunner::runner	INFO	Running command: MOZ_CRASHREPORTER="1" MOZ_CRASHREPORTER_NO_REPORT="1" MOZ_CRASHREPORTER_SHUTDOWN="1" MOZ_NO_REMOTE="1" "/sna ... te" "--remote-debugging-port" "34629" "--remote-allow-hosts" "localhost" "-no-remote" "-profile" "/tmp/rust_mozprofileORFrRH"
Gtk-Message: 23:13:54.039: Not loading module "atk-bridge": The functionality is provided by GTK natively. Please try to not load it.
[84192, Main Thread] WARNING: GTK+ module /snap/firefox/4483/gnome-platform/usr/lib/gtk-2.0/modules/libcanberra-gtk-module.so cannot be loaded.
GTK+ 2.x symbols detected. Using GTK+ 2.x and GTK+ 3 in the same process is not supported.: 'glib warning', file /build/firefox/parts/firefox/build/toolkit/xre/nsSigHandlers.cpp:187

(firefox:84192): Gtk-WARNING **: 23:13:54.149: GTK+ module /snap/firefox/4483/gnome-platform/usr/lib/gtk-2.0/modules/libcanberra-gtk-module.so cannot be loaded.
GTK+ 2.x symbols detected. Using GTK+ 2.x and GTK+ 3 in the same process is not supported.
Gtk-Message: 23:13:54.149: Failed to load module "canberra-gtk-module"
[84192, Main Thread] WARNING: GTK+ module /snap/firefox/4483/gnome-platform/usr/lib/gtk-2.0/modules/libcanberra-gtk-module.so cannot be loaded.
GTK+ 2.x symbols detected. Using GTK+ 2.x and GTK+ 3 in the same process is not supported.: 'glib warning', file /build/firefox/parts/firefox/build/toolkit/xre/nsSigHandlers.cpp:187

(firefox:84192): Gtk-WARNING **: 23:13:54.151: GTK+ module /snap/firefox/4483/gnome-platform/usr/lib/gtk-2.0/modules/libcanberra-gtk-module.so cannot be loaded.
GTK+ 2.x symbols detected. Using GTK+ 2.x and GTK+ 3 in the same process is not supported.
Gtk-Message: 23:13:54.151: Failed to load module "canberra-gtk-module"
console.warn: services.settings: Ignoring preference override of remote settings server
console.warn: services.settings: Allow by setting MOZ_REMOTE_SETTINGS_DEVTOOLS=1 in the environment
1719980035026	Marionette	INFO	Marionette enabled
1719980036251	Marionette	INFO	Listening on port 46365
WebDriver BiDi listening on ws://127.0.0.1:34629
Read port: 46365
1719980036902	RemoteAgent	WARN	TLS certificate errors will be ignored for this session
console.error: ({})
DevTools listening on ws://127.0.0.1:34629/devtools/browser/ee596fe8-89ed-4666-9429-764e6eda50cd
console.error: (new TypeError("this._searchProviderInfo is null", "resource:///modules/SearchSERPTelemetry.sys.mjs", 939))
1719980044027	Marionette	INFO	Stopped listening on port 46365
!!! error running onStopped callback: TypeError: callback is not a function
1719980396946	geckodriver	INFO	Listening on 127.0.0.1:49949
1719980397345	mozrunner::runner	INFO	Running command: MOZ_CRASHREPORTER="1" MOZ_CRASHREPORTER_NO_REPORT="1" MOZ_CRASHREPORTER_SHUTDOWN="1" MOZ_NO_REMOTE="1" "/sna ... te" "--remote-debugging-port" "48827" "--remote-allow-hosts" "localhost" "-no-remote" "-profile" "/tmp/rust_mozprofiled3Uk86"
Gtk-Message: 23:19:57.380: Not loading module "atk-bridge": The functionality is provided by GTK natively. Please try to not load it.
[84968, Main Thread] WARNING: GTK+ module /snap/firefox/4483/gnome-platform/usr/lib/gtk-2.0/modules/libcanberra-gtk-module.so cannot be loaded.
GTK+ 2.x symbols detected. Using GTK+ 2.x and GTK+ 3 in the same process is not supported.: 'glib warning', file /build/firefox/parts/firefox/build/toolkit/xre/nsSigHandlers.cpp:187

(firefox:84968): Gtk-WARNING **: 23:19:57.489: GTK+ module /snap/firefox/4483/gnome-platform/usr/lib/gtk-2.0/modules/libcanberra-gtk-module.so cannot be loaded.
GTK+ 2.x symbols detected. Using GTK+ 2.x and GTK+ 3 in the same process is not supported.
Gtk-Message: 23:19:57.489: Failed to load module "canberra-gtk-module"
[84968, Main Thread] WARNING: GTK+ module /snap/firefox/4483/gnome-platform/usr/lib/gtk-2.0/modules/libcanberra-gtk-module.so cannot be loaded.
GTK+ 2.x symbols detected. Using GTK+ 2.x and GTK+ 3 in the same process is not supported.: 'glib warning', file /build/firefox/parts/firefox/build/toolkit/xre/nsSigHandlers.cpp:187

(firefox:84968): Gtk-WARNING **: 23:19:57.491: GTK+ module /snap/firefox/4483/gnome-platform/usr/lib/gtk-2.0/modules/libcanberra-gtk-module.so cannot be loaded.
GTK+ 2.x symbols detected. Using GTK+ 2.x and GTK+ 3 in the same process is not supported.
Gtk-Message: 23:19:57.491: Failed to load module "canberra-gtk-module"
console.warn: services.settings: Ignoring preference override of remote settings server
console.warn: services.settings: Allow by setting MOZ_REMOTE_SETTINGS_DEVTOOLS=1 in the environment
1719980398332	Marionette	INFO	Marionette enabled
1719980399522	Marionette	INFO	Listening on port 41987
WebDriver BiDi listening on ws://127.0.0.1:48827
Read port: 41987
1719980400321	RemoteAgent	WARN	TLS certificate errors will be ignored for this session
console.error: ({})
DevTools listening on ws://127.0.0.1:48827/devtools/browser/2333147d-a935-454d-b4e0-b34fc63f4d9e
console.error: (new TypeError("this._searchProviderInfo is null", "resource:///modules/SearchSERPTelemetry.sys.mjs", 939))
JavaScript error: resource:///modules/SearchSERPTelemetry.sys.mjs, line 939: TypeError: this._searchProviderInfo is null
JavaScript error: https://www.cambridgeone.org/notifications/js/announcement-component.js?v=1719980406434, line 2: SyntaxError: JSON.parse: unexpected character at line 1 column 1 of the JSON data
JavaScript error: https://www.cambridgeone.org/notifications/js/announcement-component.js?v=1719980406434, line 2: SyntaxError: JSON.parse: unexpected character at line 1 column 1 of the JSON data
console.warn: LoginRecipes: "Falling back to a synchronous message for: https://www.cambridgeone.org."
console.warn: LoginRecipes: "Falling back to a synchronous message for: https://www.cambridgeone.org."
1719980425928	Marionette	INFO	Stopped listening on port 41987
1719980901538	geckodriver	INFO	Listening on 127.0.0.1:58043
1719980901839	mozrunner::runner	INFO	Running command: MOZ_CRASHREPORTER="1" MOZ_CRASHREPORTER_NO_REPORT="1" MOZ_CRASHREPORTER_SHUTDOWN="1" MOZ_NO_REMOTE="1" "/sna ... te" "--remote-debugging-port" "45489" "--remote-allow-hosts" "localhost" "-no-remote" "-profile" "/tmp/rust_mozprofileSRFzsE"
Gtk-Message: 23:28:21.873: Not loading module "atk-bridge": The functionality is provided by GTK natively. Please try to not load it.
[85724, Main Thread] WARNING: GTK+ module /snap/firefox/4483/gnome-platform/usr/lib/gtk-2.0/modules/libcanberra-gtk-module.so cannot be loaded.
GTK+ 2.x symbols detected. Using GTK+ 2.x and GTK+ 3 in the same process is not supported.: 'glib warning', file /build/firefox/parts/firefox/build/toolkit/xre/nsSigHandlers.cpp:187

(firefox:85724): Gtk-WARNING **: 23:28:21.990: GTK+ module /snap/firefox/4483/gnome-platform/usr/lib/gtk-2.0/modules/libcanberra-gtk-module.so cannot be loaded.
GTK+ 2.x symbols detected. Using GTK+ 2.x and GTK+ 3 in the same process is not supported.
Gtk-Message: 23:28:21.990: Failed to load module "canberra-gtk-module"
[85724, Main Thread] WARNING: GTK+ module /snap/firefox/4483/gnome-platform/usr/lib/gtk-2.0/modules/libcanberra-gtk-module.so cannot be loaded.
GTK+ 2.x symbols detected. Using GTK+ 2.x and GTK+ 3 in the same process is not supported.: 'glib warning', file /build/firefox/parts/firefox/build/toolkit/xre/nsSigHandlers.cpp:187

(firefox:85724): Gtk-WARNING **: 23:28:21.992: GTK+ module /snap/firefox/4483/gnome-platform/usr/lib/gtk-2.0/modules/libcanberra-gtk-module.so cannot be loaded.
GTK+ 2.x symbols detected. Using GTK+ 2.x and GTK+ 3 in the same process is not supported.
Gtk-Message: 23:28:21.992: Failed to load module "canberra-gtk-module"
console.warn: services.settings: Ignoring preference override of remote settings server
console.warn: services.settings: Allow by setting MOZ_REMOTE_SETTINGS_DEVTOOLS=1 in the environment
1719980902812	Marionette	INFO	Marionette enabled
1719980904097	Marionette	INFO	Listening on port 37235
WebDriver BiDi listening on ws://127.0.0.1:45489
Read port: 37235
1719980904753	RemoteAgent	WARN	TLS certificate errors will be ignored for this session
console.error: ({})
DevTools listening on ws://127.0.0.1:45489/devtools/browser/0f200dd0-70b8-412d-8489-7f05e224d1b4
console.error: (new TypeError("this._searchProviderInfo is null", "resource:///modules/SearchSERPTelemetry.sys.mjs", 939))
JavaScript error: resource:///modules/SearchSERPTelemetry.sys.mjs, line 939: TypeError: this._searchProviderInfo is null
JavaScript error: resource:///modules/SearchSERPTelemetry.sys.mjs, line 939: TypeError: this._searchProviderInfo is null
JavaScript error: https://www.cambridgeone.org/notifications/js/announcement-component.js?v=1719980911311, line 2: SyntaxError: JSON.parse: unexpected character at line 1 column 1 of the JSON data
JavaScript error: https://www.cambridgeone.org/notifications/js/announcement-component.js?v=1719980911437, line 2: SyntaxError: JSON.parse: unexpected character at line 1 column 1 of the JSON data
console.warn: LoginRecipes: "Falling back to a synchronous message for: https://www.cambridgeone.org."
console.warn: LoginRecipes: "Falling back to a synchronous message for: https://www.cambridgeone.org."
console.warn: LoginRecipes: "Falling back to a synchronous message for: https://www.cambridgeone.org."
console.warn: LoginRecipes: "Falling back to a synchronous message for: https://www.cambridgeone.org."
console.warn: LoginRecipes: "Falling back to a synchronous message for: https://www.cambridgeone.org."
1719980931516	Marionette	INFO	Stopped listening on port 37235
1719980997440	geckodriver	INFO	Listening on 127.0.0.1:51417
1719980997826	mozrunner::runner	INFO	Running command: MOZ_CRASHREPORTER="1" MOZ_CRASHREPORTER_NO_REPORT="1" MOZ_CRASHREPORTER_SHUTDOWN="1" MOZ_NO_REMOTE="1" "/sna ... te" "--remote-debugging-port" "40199" "--remote-allow-hosts" "localhost" "-no-remote" "-profile" "/tmp/rust_mozprofiledxCzsd"
Gtk-Message: 23:29:57.861: Not loading module "atk-bridge": The functionality is provided by GTK natively. Please try to not load it.
[86299, Main Thread] WARNING: GTK+ module /snap/firefox/4483/gnome-platform/usr/lib/gtk-2.0/modules/libcanberra-gtk-module.so cannot be loaded.
GTK+ 2.x symbols detected. Using GTK+ 2.x and GTK+ 3 in the same process is not supported.: 'glib warning', file /build/firefox/parts/firefox/build/toolkit/xre/nsSigHandlers.cpp:187

(firefox:86299): Gtk-WARNING **: 23:29:57.948: GTK+ module /snap/firefox/4483/gnome-platform/usr/lib/gtk-2.0/modules/libcanberra-gtk-module.so cannot be loaded.
GTK+ 2.x symbols detected. Using GTK+ 2.x and GTK+ 3 in the same process is not supported.
Gtk-Message: 23:29:57.948: Failed to load module "canberra-gtk-module"
[86299, Main Thread] WARNING: GTK+ module /snap/firefox/4483/gnome-platform/usr/lib/gtk-2.0/modules/libcanberra-gtk-module.so cannot be loaded.
GTK+ 2.x symbols detected. Using GTK+ 2.x and GTK+ 3 in the same process is not supported.: 'glib warning', file /build/firefox/parts/firefox/build/toolkit/xre/nsSigHandlers.cpp:187

(firefox:86299): Gtk-WARNING **: 23:29:57.950: GTK+ module /snap/firefox/4483/gnome-platform/usr/lib/gtk-2.0/modules/libcanberra-gtk-module.so cannot be loaded.
GTK+ 2.x symbols detected. Using GTK+ 2.x and GTK+ 3 in the same process is not supported.
Gtk-Message: 23:29:57.950: Failed to load module "canberra-gtk-module"
console.warn: services.settings: Ignoring preference override of remote settings server
console.warn: services.settings: Allow by setting MOZ_REMOTE_SETTINGS_DEVTOOLS=1 in the environment
1719980998744	Marionette	INFO	Marionette enabled
1719980999997	Marionette	INFO	Listening on port 37167
WebDriver BiDi listening on ws://127.0.0.1:40199
Read port: 37167
1719981000595	RemoteAgent	WARN	TLS certificate errors will be ignored for this session
console.error: ({})
DevTools listening on ws://127.0.0.1:40199/devtools/browser/5a779476-118e-4384-86d1-30442fca9f53
console.error: (new TypeError("this._searchProviderInfo is null", "resource:///modules/SearchSERPTelemetry.sys.mjs", 939))
JavaScript error: https://www.cambridgeone.org/notifications/js/announcement-component.js?v=1719981006379, line 2: SyntaxError: JSON.parse: unexpected character at line 1 column 1 of the JSON data
JavaScript error: https://www.cambridgeone.org/notifications/js/announcement-component.js?v=1719981006540, line 2: SyntaxError: JSON.parse: unexpected character at line 1 column 1 of the JSON data
console.warn: LoginRecipes: "Falling back to a synchronous message for: https://www.cambridgeone.org."
console.warn: LoginRecipes: "Falling back to a synchronous message for: https://www.cambridgeone.org."
console.warn: LoginRecipes: "Falling back to a synchronous message for: https://www.cambridgeone.org."
console.warn: LoginRecipes: "Falling back to a synchronous message for: https://www.cambridgeone.org."
console.warn: LoginRecipes: "Falling back to a synchronous message for: https://www.cambridgeone.org."
console.warn: LoginRecipes: "Falling back to a synchronous message for: https://www.cambridgeone.org."
console.warn: LoginRecipes: "Falling back to a synchronous message for: https://www.cambridgeone.org."
console.warn: LoginRecipes: "Falling back to a synchronous message for: https://www.cambridgeone.org."
console.warn: LoginRecipes: "Falling back to a synchronous message for: https://www.cambridgeone.org."
console.warn: LoginRecipes: "Falling back to a synchronous message for: https://www.cambridgeone.org."
console.warn: LoginRecipes: "Falling back to a synchronous message for: https://www.cambridgeone.org."
console.warn: LoginRecipes: "Falling back to a synchronous message for: https://www.cambridgeone.org."
console.warn: LoginRecipes: "Falling back to a synchronous message for: https://www.cambridgeone.org."
1719981026426	Marionette	INFO	Stopped listening on port 37167
JavaScript warning: https://www.cambridgeone.org/nlp/learner/org_cup_LoOD04liC7F0T_ectop1d/class/4b49094e-7e48-471a-a19b-1dcbde473812/product/evdgl3bsc/assignment/88ba7a87-0801-4e85-87fd-31fd89768273/view/item/1642751328242%2F1642989774005%2F1643164941082, line 18: Script terminated by timeout at:
nrWrapper@https://www.cambridgeone.org/nlp/learner/org_cup_LoOD04liC7F0T_ectop1d/class/4b49094e-7e48-471a-a19b-1dcbde473812/product/evdgl3bsc/assignment/88ba7a87-0801-4e85-87fd-31fd89768273/view/item/1642751328242%2F1642989774005%2F1643164941082:18:16473

1719981709781	geckodriver	INFO	Listening on 127.0.0.1:59957
1719981710170	mozrunner::runner	INFO	Running command: MOZ_CRASHREPORTER="1" MOZ_CRASHREPORTER_NO_REPORT="1" MOZ_CRASHREPORTER_SHUTDOWN="1" MOZ_NO_REMOTE="1" "/sna ... te" "--remote-debugging-port" "53177" "--remote-allow-hosts" "localhost" "-no-remote" "-profile" "/tmp/rust_mozprofileIyu2SJ"
Gtk-Message: 23:41:50.204: Not loading module "atk-bridge": The functionality is provided by GTK natively. Please try to not load it.
[87314, Main Thread] WARNING: GTK+ module /snap/firefox/4483/gnome-platform/usr/lib/gtk-2.0/modules/libcanberra-gtk-module.so cannot be loaded.
GTK+ 2.x symbols detected. Using GTK+ 2.x and GTK+ 3 in the same process is not supported.: 'glib warning', file /build/firefox/parts/firefox/build/toolkit/xre/nsSigHandlers.cpp:187

(firefox:87314): Gtk-WARNING **: 23:41:50.295: GTK+ module /snap/firefox/4483/gnome-platform/usr/lib/gtk-2.0/modules/libcanberra-gtk-module.so cannot be loaded.
GTK+ 2.x symbols detected. Using GTK+ 2.x and GTK+ 3 in the same process is not supported.
Gtk-Message: 23:41:50.295: Failed to load module "canberra-gtk-module"
[87314, Main Thread] WARNING: GTK+ module /snap/firefox/4483/gnome-platform/usr/lib/gtk-2.0/modules/libcanberra-gtk-module.so cannot be loaded.
GTK+ 2.x symbols detected. Using GTK+ 2.x and GTK+ 3 in the same process is not supported.: 'glib warning', file /build/firefox/parts/firefox/build/toolkit/xre/nsSigHandlers.cpp:187

(firefox:87314): Gtk-WARNING **: 23:41:50.297: GTK+ module /snap/firefox/4483/gnome-platform/usr/lib/gtk-2.0/modules/libcanberra-gtk-module.so cannot be loaded.
GTK+ 2.x symbols detected. Using GTK+ 2.x and GTK+ 3 in the same process is not supported.
Gtk-Message: 23:41:50.297: Failed to load module "canberra-gtk-module"
console.warn: services.settings: Ignoring preference override of remote settings server
console.warn: services.settings: Allow by setting MOZ_REMOTE_SETTINGS_DEVTOOLS=1 in the environment
1719981711091	Marionette	INFO	Marionette enabled
1719981712397	Marionette	INFO	Listening on port 40811
WebDriver BiDi listening on ws://127.0.0.1:53177
Read port: 40811
1719981713157	RemoteAgent	WARN	TLS certificate errors will be ignored for this session
console.error: ({})
DevTools listening on ws://127.0.0.1:53177/devtools/browser/bb28a0fc-c512-45ff-be3c-0c937ef98e9c
console.error: (new TypeError("this._searchProviderInfo is null", "resource:///modules/SearchSERPTelemetry.sys.mjs", 939))
JavaScript error: https://www.cambridgeone.org/notifications/js/announcement-component.js?v=1719981719194, line 2: SyntaxError: JSON.parse: unexpected character at line 1 column 1 of the JSON data
JavaScript error: https://www.cambridgeone.org/notifications/js/announcement-component.js?v=1719981719356, line 2: SyntaxError: JSON.parse: unexpected character at line 1 column 1 of the JSON data
console.warn: LoginRecipes: "Falling back to a synchronous message for: https://www.cambridgeone.org."
console.warn: LoginRecipes: "Falling back to a synchronous message for: https://www.cambridgeone.org."
console.warn: LoginRecipes: "Falling back to a synchronous message for: https://www.cambridgeone.org."
console.warn: LoginRecipes: "Falling back to a synchronous message for: https://www.cambridgeone.org."
console.warn: LoginRecipes: "Falling back to a synchronous message for: https://www.cambridgeone.org."
console.warn: LoginRecipes: "Falling back to a synchronous message for: https://www.cambridgeone.org."
console.warn: LoginRecipes: "Falling back to a synchronous message for: https://www.cambridgeone.org."
console.warn: LoginRecipes: "Falling back to a synchronous message for: https://www.cambridgeone.org."
console.warn: LoginRecipes: "Falling back to a synchronous message for: https://www.cambridgeone.org."
console.warn: LoginRecipes: "Falling back to a synchronous message for: https://www.cambridgeone.org."
console.warn: LoginRecipes: "Falling back to a synchronous message for: https://www.cambridgeone.org."
console.error: "update.locale" " file doesn't exist in either the application or GRE directories"
1719981741093	addons.xpi	ERROR	System addon update list error SyntaxError: XMLHttpRequest.open: 'http://%(server)s/dummy-system-addons.xml' is not a valid URL.
1719981742483	Marionette	INFO	Stopped listening on port 40811
console.error: services.settings: 
  Message: NetworkError: Network error: TypeError: NetworkError: Network request failed
  Stack:
    APIError@resource://services-settings/RemoteSettingsClient.sys.mjs:107:1
NetworkError@resource://services-settings/RemoteSettingsClient.sys.mjs:111:5
_adjustedError@resource://services-settings/RemoteSettingsClient.sys.mjs:912:14
maybeSync@resource://services-settings/RemoteSettingsClient.sys.mjs:817:38

console.warn: services.settings: main/doh-config sync interrupted by shutdown
console.warn: services.settings: main/devtools-devices sync interrupted by shutdown
console.warn: services.settings: main/websites-with-shared-credential-backends sync interrupted by shutdown
console.warn: services.settings: main/language-dictionaries sync interrupted by shutdown
console.warn: services.settings: main/password-recipes sync interrupted by shutdown
console.warn: services.settings: main/password-rules sync interrupted by shutdown
console.warn: services.settings: main/addons-manager-settings sync interrupted by shutdown
console.warn: services.settings: main/query-stripping sync interrupted by shutdown
console.warn: services.settings: main/partitioning-exempt-urls sync interrupted by shutdown
console.warn: services.settings: main/translations-wasm sync interrupted by shutdown
console.warn: services.settings: main/search-config-overrides sync interrupted by shutdown
console.warn: services.settings: main/search-default-override-allowlist sync interrupted by shutdown
console.warn: services.settings: main/search-config-overrides-v2 sync interrupted by shutdown
console.warn: services.settings: main/search-config sync interrupted by shutdown
console.warn: services.settings: main/fingerprinting-protection-overrides sync interrupted by shutdown
console.warn: services.settings: main/url-classifier-skip-urls sync interrupted by shutdown
console.warn: services.settings: main/translations-models sync interrupted by shutdown
console.warn: services.settings: main/cookie-banner-rules-list sync interrupted by shutdown
console.error: (new Error("IndexedDB: main/tracking-protection-lists getLastModified() IndexedDB:  execute() The application is shutting down", "resource://services-settings/IDBHelpers.sys.mjs", 16))
1719981812888	geckodriver	INFO	Listening on 127.0.0.1:60359
1719981813270	mozrunner::runner	INFO	Running command: MOZ_CRASHREPORTER="1" MOZ_CRASHREPORTER_NO_REPORT="1" MOZ_CRASHREPORTER_SHUTDOWN="1" MOZ_NO_REMOTE="1" "/sna ... te" "--remote-debugging-port" "56437" "--remote-allow-hosts" "localhost" "-no-remote" "-profile" "/tmp/rust_mozprofilentLSIT"
Gtk-Message: 23:43:33.305: Not loading module "atk-bridge": The functionality is provided by GTK natively. Please try to not load it.
[87897, Main Thread] WARNING: GTK+ module /snap/firefox/4483/gnome-platform/usr/lib/gtk-2.0/modules/libcanberra-gtk-module.so cannot be loaded.
GTK+ 2.x symbols detected. Using GTK+ 2.x and GTK+ 3 in the same process is not supported.: 'glib warning', file /build/firefox/parts/firefox/build/toolkit/xre/nsSigHandlers.cpp:187

(firefox:87897): Gtk-WARNING **: 23:43:33.430: GTK+ module /snap/firefox/4483/gnome-platform/usr/lib/gtk-2.0/modules/libcanberra-gtk-module.so cannot be loaded.
GTK+ 2.x symbols detected. Using GTK+ 2.x and GTK+ 3 in the same process is not supported.
Gtk-Message: 23:43:33.430: Failed to load module "canberra-gtk-module"
[87897, Main Thread] WARNING: GTK+ module /snap/firefox/4483/gnome-platform/usr/lib/gtk-2.0/modules/libcanberra-gtk-module.so cannot be loaded.
GTK+ 2.x symbols detected. Using GTK+ 2.x and GTK+ 3 in the same process is not supported.: 'glib warning', file /build/firefox/parts/firefox/build/toolkit/xre/nsSigHandlers.cpp:187

(firefox:87897): Gtk-WARNING **: 23:43:33.432: GTK+ module /snap/firefox/4483/gnome-platform/usr/lib/gtk-2.0/modules/libcanberra-gtk-module.so cannot be loaded.
GTK+ 2.x symbols detected. Using GTK+ 2.x and GTK+ 3 in the same process is not supported.
Gtk-Message: 23:43:33.432: Failed to load module "canberra-gtk-module"
console.warn: services.settings: Ignoring preference override of remote settings server
console.warn: services.settings: Allow by setting MOZ_REMOTE_SETTINGS_DEVTOOLS=1 in the environment
1719981814254	Marionette	INFO	Marionette enabled
1719981815556	Marionette	INFO	Listening on port 34837
WebDriver BiDi listening on ws://127.0.0.1:56437
Read port: 34837
1719981816025	RemoteAgent	WARN	TLS certificate errors will be ignored for this session
console.error: ({})
DevTools listening on ws://127.0.0.1:56437/devtools/browser/9054f7e9-8689-4a48-8514-e6a59e937433
console.error: (new TypeError("this._searchProviderInfo is null", "resource:///modules/SearchSERPTelemetry.sys.mjs", 939))
JavaScript error: https://www.cambridgeone.org/notifications/js/announcement-component.js?v=1719981822738, line 2: SyntaxError: JSON.parse: unexpected character at line 1 column 1 of the JSON data
JavaScript error: https://www.cambridgeone.org/notifications/js/announcement-component.js?v=1719981823321, line 2: SyntaxError: JSON.parse: unexpected character at line 1 column 1 of the JSON data
console.warn: LoginRecipes: "Falling back to a synchronous message for: https://www.cambridgeone.org."
console.warn: LoginRecipes: "Falling back to a synchronous message for: https://www.cambridgeone.org."
console.warn: LoginRecipes: "Falling back to a synchronous message for: https://www.cambridgeone.org."
console.warn: LoginRecipes: "Falling back to a synchronous message for: https://www.cambridgeone.org."
console.warn: LoginRecipes: "Falling back to a synchronous message for: https://www.cambridgeone.org."
console.warn: LoginRecipes: "Falling back to a synchronous message for: https://www.cambridgeone.org."
console.warn: LoginRecipes: "Falling back to a synchronous message for: https://www.cambridgeone.org."
console.warn: LoginRecipes: "Falling back to a synchronous message for: https://www.cambridgeone.org."
console.warn: LoginRecipes: "Falling back to a synchronous message for: https://www.cambridgeone.org."
console.warn: LoginRecipes: "Falling back to a synchronous message for: https://www.cambridgeone.org."
console.warn: LoginRecipes: "Falling back to a synchronous message for: https://www.cambridgeone.org."
console.error: "update.locale" " file doesn't exist in either the application or GRE directories"
1719981844601	addons.xpi	ERROR	System addon update list error SyntaxError: XMLHttpRequest.open: 'http://%(server)s/dummy-system-addons.xml' is not a valid URL.
1719981852429	Marionette	INFO	Stopped listening on port 34837
JavaScript warning: https://www.cambridgeone.org/class/learner/org_cup_LoOD04liC7F0T_ectop1d/class/4b49094e-7e48-471a-a19b-1dcbde473812/assignments, line 20: Script terminated by timeout at:
nrWrapper@https://www.cambridgeone.org/class/learner/org_cup_LoOD04liC7F0T_ectop1d/class/4b49094e-7e48-471a-a19b-1dcbde473812/assignments:20:16471

1719982038425	geckodriver	INFO	Listening on 127.0.0.1:32783
1719982038819	mozrunner::runner	INFO	Running command: MOZ_CRASHREPORTER="1" MOZ_CRASHREPORTER_NO_REPORT="1" MOZ_CRASHREPORTER_SHUTDOWN="1" MOZ_NO_REMOTE="1" "/sna ... te" "--remote-debugging-port" "55901" "--remote-allow-hosts" "localhost" "-no-remote" "-profile" "/tmp/rust_mozprofileymj77m"
Gtk-Message: 23:47:18.854: Not loading module "atk-bridge": The functionality is provided by GTK natively. Please try to not load it.
[88561, Main Thread] WARNING: GTK+ module /snap/firefox/4483/gnome-platform/usr/lib/gtk-2.0/modules/libcanberra-gtk-module.so cannot be loaded.
GTK+ 2.x symbols detected. Using GTK+ 2.x and GTK+ 3 in the same process is not supported.: 'glib warning', file /build/firefox/parts/firefox/build/toolkit/xre/nsSigHandlers.cpp:187

(firefox:88561): Gtk-WARNING **: 23:47:18.981: GTK+ module /snap/firefox/4483/gnome-platform/usr/lib/gtk-2.0/modules/libcanberra-gtk-module.so cannot be loaded.
GTK+ 2.x symbols detected. Using GTK+ 2.x and GTK+ 3 in the same process is not supported.
Gtk-Message: 23:47:18.981: Failed to load module "canberra-gtk-module"
[88561, Main Thread] WARNING: GTK+ module /snap/firefox/4483/gnome-platform/usr/lib/gtk-2.0/modules/libcanberra-gtk-module.so cannot be loaded.
GTK+ 2.x symbols detected. Using GTK+ 2.x and GTK+ 3 in the same process is not supported.: 'glib warning', file /build/firefox/parts/firefox/build/toolkit/xre/nsSigHandlers.cpp:187

(firefox:88561): Gtk-WARNING **: 23:47:18.983: GTK+ module /snap/firefox/4483/gnome-platform/usr/lib/gtk-2.0/modules/libcanberra-gtk-module.so cannot be loaded.
GTK+ 2.x symbols detected. Using GTK+ 2.x and GTK+ 3 in the same process is not supported.
Gtk-Message: 23:47:18.983: Failed to load module "canberra-gtk-module"
console.warn: services.settings: Ignoring preference override of remote settings server
console.warn: services.settings: Allow by setting MOZ_REMOTE_SETTINGS_DEVTOOLS=1 in the environment
1719982039868	Marionette	INFO	Marionette enabled
1719982041146	Marionette	INFO	Listening on port 38951
WebDriver BiDi listening on ws://127.0.0.1:55901
Read port: 38951
1719982041878	RemoteAgent	WARN	TLS certificate errors will be ignored for this session
console.error: ({})
DevTools listening on ws://127.0.0.1:55901/devtools/browser/f67dd67d-a9de-44d9-92bb-93e1f499fead
console.error: (new TypeError("this._searchProviderInfo is null", "resource:///modules/SearchSERPTelemetry.sys.mjs", 939))
1719982048164	Marionette	INFO	Stopped listening on port 38951
1719982289909	geckodriver	INFO	Listening on 127.0.0.1:49089
1719982290387	mozrunner::runner	INFO	Running command: MOZ_CRASHREPORTER="1" MOZ_CRASHREPORTER_NO_REPORT="1" MOZ_CRASHREPORTER_SHUTDOWN="1" MOZ_NO_REMOTE="1" "/sna ... te" "--remote-debugging-port" "56057" "--remote-allow-hosts" "localhost" "-no-remote" "-profile" "/tmp/rust_mozprofileSZiOIv"
Gtk-Message: 23:51:30.454: Not loading module "atk-bridge": The functionality is provided by GTK natively. Please try to not load it.
[89894, Main Thread] WARNING: GTK+ module /snap/firefox/4483/gnome-platform/usr/lib/gtk-2.0/modules/libcanberra-gtk-module.so cannot be loaded.
GTK+ 2.x symbols detected. Using GTK+ 2.x and GTK+ 3 in the same process is not supported.: 'glib warning', file /build/firefox/parts/firefox/build/toolkit/xre/nsSigHandlers.cpp:187

(firefox:89894): Gtk-WARNING **: 23:51:30.611: GTK+ module /snap/firefox/4483/gnome-platform/usr/lib/gtk-2.0/modules/libcanberra-gtk-module.so cannot be loaded.
GTK+ 2.x symbols detected. Using GTK+ 2.x and GTK+ 3 in the same process is not supported.
Gtk-Message: 23:51:30.611: Failed to load module "canberra-gtk-module"
[89894, Main Thread] WARNING: GTK+ module /snap/firefox/4483/gnome-platform/usr/lib/gtk-2.0/modules/libcanberra-gtk-module.so cannot be loaded.
GTK+ 2.x symbols detected. Using GTK+ 2.x and GTK+ 3 in the same process is not supported.: 'glib warning', file /build/firefox/parts/firefox/build/toolkit/xre/nsSigHandlers.cpp:187

(firefox:89894): Gtk-WARNING **: 23:51:30.614: GTK+ module /snap/firefox/4483/gnome-platform/usr/lib/gtk-2.0/modules/libcanberra-gtk-module.so cannot be loaded.
GTK+ 2.x symbols detected. Using GTK+ 2.x and GTK+ 3 in the same process is not supported.
Gtk-Message: 23:51:30.614: Failed to load module "canberra-gtk-module"
console.warn: services.settings: Ignoring preference override of remote settings server
console.warn: services.settings: Allow by setting MOZ_REMOTE_SETTINGS_DEVTOOLS=1 in the environment
1719982292022	Marionette	INFO	Marionette enabled
1719982293326	Marionette	INFO	Listening on port 38267
WebDriver BiDi listening on ws://127.0.0.1:56057
Read port: 38267
1719982294074	RemoteAgent	WARN	TLS certificate errors will be ignored for this session
console.error: ({})
DevTools listening on ws://127.0.0.1:56057/devtools/browser/79c0d415-75a3-4085-9c45-985852122646
console.error: (new TypeError("this._searchProviderInfo is null", "resource:///modules/SearchSERPTelemetry.sys.mjs", 939))
JavaScript error: resource:///modules/SearchSERPTelemetry.sys.mjs, line 939: TypeError: this._searchProviderInfo is null
JavaScript error: resource:///modules/SearchSERPTelemetry.sys.mjs, line 939: TypeError: this._searchProviderInfo is null
JavaScript error: https://www.cambridgeone.org/notifications/js/announcement-component.js?v=1719982301504, line 2: SyntaxError: JSON.parse: unexpected character at line 1 column 1 of the JSON data
console.warn: LoginRecipes: "Falling back to a synchronous message for: https://www.cambridgeone.org."
console.warn: LoginRecipes: "Falling back to a synchronous message for: https://www.cambridgeone.org."
console.warn: LoginRecipes: "Falling back to a synchronous message for: https://www.cambridgeone.org."
console.warn: LoginRecipes: "Falling back to a synchronous message for: https://www.cambridgeone.org."
console.warn: LoginRecipes: "Falling back to a synchronous message for: https://www.cambridgeone.org."
console.warn: LoginRecipes: "Falling back to a synchronous message for: https://www.cambridgeone.org."
console.warn: LoginRecipes: "Falling back to a synchronous message for: https://www.cambridgeone.org."
console.warn: LoginRecipes: "Falling back to a synchronous message for: https://www.cambridgeone.org."
console.warn: LoginRecipes: "Falling back to a synchronous message for: https://www.cambridgeone.org."
console.warn: LoginRecipes: "Falling back to a synchronous message for: https://www.cambridgeone.org."
console.warn: LoginRecipes: "Falling back to a synchronous message for: https://www.cambridgeone.org."
console.warn: LoginRecipes: "Falling back to a synchronous message for: https://www.cambridgeone.org."
console.warn: LoginRecipes: "Falling back to a synchronous message for: https://www.cambridgeone.org."
console.warn: LoginRecipes: "Falling back to a synchronous message for: https://www.cambridgeone.org."
console.warn: LoginRecipes: "Falling back to a synchronous message for: https://www.cambridgeone.org."
console.warn: LoginRecipes: "Falling back to a synchronous message for: https://www.cambridgeone.org."
console.warn: LoginRecipes: "Falling back to a synchronous message for: https://www.cambridgeone.org."
console.warn: LoginRecipes: "Falling back to a synchronous message for: https://www.cambridgeone.org."
console.warn: LoginRecipes: "Falling back to a synchronous message for: https://www.cambridgeone.org."
console.warn: LoginRecipes: "Falling back to a synchronous message for: https://www.cambridgeone.org."
console.warn: LoginRecipes: "Falling back to a synchronous message for: https://www.cambridgeone.org."
console.warn: LoginRecipes: "Falling back to a synchronous message for: https://www.cambridgeone.org."
console.warn: LoginRecipes: "Falling back to a synchronous message for: https://www.cambridgeone.org."
console.warn: LoginRecipes: "Falling back to a synchronous message for: https://www.cambridgeone.org."
JavaScript error: https://www.cambridgeone.org/notifications/js/announcement-component.js?v=1719982301504, line 2: SyntaxError: JSON.parse: unexpected character at line 1 column 1 of the JSON data
console.warn: LoginRecipes: "Falling back to a synchronous message for: https://www.cambridgeone.org."
console.warn: LoginRecipes: "Falling back to a synchronous message for: https://www.cambridgeone.org."
console.warn: LoginRecipes: "Falling back to a synchronous message for: https://www.cambridgeone.org."
console.warn: LoginRecipes: "Falling back to a synchronous message for: https://www.cambridgeone.org."
console.warn: LoginRecipes: "Falling back to a synchronous message for: https://www.cambridgeone.org."
console.warn: LoginRecipes: "Falling back to a synchronous message for: https://www.cambridgeone.org."
console.warn: LoginRecipes: "Falling back to a synchronous message for: https://www.cambridgeone.org."
console.warn: LoginRecipes: "Falling back to a synchronous message for: https://www.cambridgeone.org."
console.warn: LoginRecipes: "Falling back to a synchronous message for: https://www.cambridgeone.org."
console.warn: LoginRecipes: "Falling back to a synchronous message for: https://www.cambridgeone.org."
console.warn: LoginRecipes: "Falling back to a synchronous message for: https://www.cambridgeone.org."
console.warn: LoginRecipes: "Falling back to a synchronous message for: https://www.cambridgeone.org."
console.warn: LoginRecipes: "Falling back to a synchronous message for: https://www.cambridgeone.org."
1719982321270	Marionette	INFO	Stopped listening on port 38267
JavaScript warning: https://www.cambridgeone.org/nlp/learner/org_cup_LoOD04liC7F0T_ectop1d/class/4b49094e-7e48-471a-a19b-1dcbde473812/product/evdgl3bsc/assignment/88ba7a87-0801-4e85-87fd-31fd89768273/view/item/1642751328242%2F1642989774005%2F1643164941082, line 18: Script terminated by timeout at:
t@https://www.cambridgeone.org/nlp/learner/org_cup_LoOD04liC7F0T_ectop1d/class/4b49094e-7e48-471a-a19b-1dcbde473812/product/evdgl3bsc/assignment/88ba7a87-0801-4e85-87fd-31fd89768273/view/item/1642751328242%2F1642989774005%2F1643164941082:18:34554
@https://js-agent.newrelic.com/nr-spa-1.252.1.min.js:2:98

console.error: (new Error("Polling for changes failed: NetworkError: Network request failed.", "resource://services-settings/remote-settings.sys.mjs", 324))
console.error: "update.locale" " file doesn't exist in either the application or GRE directories"
1719982322112	addons.xpi	ERROR	System addon update list error Error: Failed downloading XML, status: 0, channelStatus: 2152071198, errorCode: 2, reason: error
console.error: Region.sys.mjs: "Error fetching region" (new TypeError("NetworkError when attempting to fetch resource.", "resource://gre/modules/Region.sys.mjs", 738))
console.error: Region.sys.mjs: "Failed to fetch region" (new Error("NO_RESULT", "resource://gre/modules/Region.sys.mjs", 411))
1719982478107	geckodriver	INFO	Listening on 127.0.0.1:36281
1719982478490	mozrunner::runner	INFO	Running command: MOZ_CRASHREPORTER="1" MOZ_CRASHREPORTER_NO_REPORT="1" MOZ_CRASHREPORTER_SHUTDOWN="1" MOZ_NO_REMOTE="1" "/sna ... te" "--remote-debugging-port" "58273" "--remote-allow-hosts" "localhost" "-no-remote" "-profile" "/tmp/rust_mozprofileYh2V1P"
Gtk-Message: 23:54:38.525: Not loading module "atk-bridge": The functionality is provided by GTK natively. Please try to not load it.
[90488, Main Thread] WARNING: GTK+ module /snap/firefox/4483/gnome-platform/usr/lib/gtk-2.0/modules/libcanberra-gtk-module.so cannot be loaded.
GTK+ 2.x symbols detected. Using GTK+ 2.x and GTK+ 3 in the same process is not supported.: 'glib warning', file /build/firefox/parts/firefox/build/toolkit/xre/nsSigHandlers.cpp:187

(firefox:90488): Gtk-WARNING **: 23:54:38.634: GTK+ module /snap/firefox/4483/gnome-platform/usr/lib/gtk-2.0/modules/libcanberra-gtk-module.so cannot be loaded.
GTK+ 2.x symbols detected. Using GTK+ 2.x and GTK+ 3 in the same process is not supported.
Gtk-Message: 23:54:38.634: Failed to load module "canberra-gtk-module"
[90488, Main Thread] WARNING: GTK+ module /snap/firefox/4483/gnome-platform/usr/lib/gtk-2.0/modules/libcanberra-gtk-module.so cannot be loaded.
GTK+ 2.x symbols detected. Using GTK+ 2.x and GTK+ 3 in the same process is not supported.: 'glib warning', file /build/firefox/parts/firefox/build/toolkit/xre/nsSigHandlers.cpp:187

(firefox:90488): Gtk-WARNING **: 23:54:38.636: GTK+ module /snap/firefox/4483/gnome-platform/usr/lib/gtk-2.0/modules/libcanberra-gtk-module.so cannot be loaded.
GTK+ 2.x symbols detected. Using GTK+ 2.x and GTK+ 3 in the same process is not supported.
Gtk-Message: 23:54:38.636: Failed to load module "canberra-gtk-module"
console.warn: services.settings: Ignoring preference override of remote settings server
console.warn: services.settings: Allow by setting MOZ_REMOTE_SETTINGS_DEVTOOLS=1 in the environment
1719982479668	Marionette	INFO	Marionette enabled
1719982480816	Marionette	INFO	Listening on port 41347
WebDriver BiDi listening on ws://127.0.0.1:58273
Read port: 41347
1719982481626	RemoteAgent	WARN	TLS certificate errors will be ignored for this session
console.error: ({})
DevTools listening on ws://127.0.0.1:58273/devtools/browser/b5959560-8f9a-4b6f-bcaf-2a796bdac0c7
console.error: (new TypeError("this._searchProviderInfo is null", "resource:///modules/SearchSERPTelemetry.sys.mjs", 939))
JavaScript error: resource:///modules/SearchSERPTelemetry.sys.mjs, line 939: TypeError: this._searchProviderInfo is null
JavaScript error: resource:///modules/SearchSERPTelemetry.sys.mjs, line 939: TypeError: this._searchProviderInfo is null
JavaScript error: https://www.cambridgeone.org/notifications/js/announcement-component.js?v=1719982488329, line 2: SyntaxError: JSON.parse: unexpected character at line 1 column 1 of the JSON data
console.warn: LoginRecipes: "Falling back to a synchronous message for: https://www.cambridgeone.org."
console.warn: LoginRecipes: "Falling back to a synchronous message for: https://www.cambridgeone.org."
console.warn: LoginRecipes: "Falling back to a synchronous message for: https://www.cambridgeone.org."
console.warn: LoginRecipes: "Falling back to a synchronous message for: https://www.cambridgeone.org."
console.warn: LoginRecipes: "Falling back to a synchronous message for: https://www.cambridgeone.org."
console.warn: LoginRecipes: "Falling back to a synchronous message for: https://www.cambridgeone.org."
console.warn: LoginRecipes: "Falling back to a synchronous message for: https://www.cambridgeone.org."
console.warn: LoginRecipes: "Falling back to a synchronous message for: https://www.cambridgeone.org."
console.warn: LoginRecipes: "Falling back to a synchronous message for: https://www.cambridgeone.org."
console.warn: LoginRecipes: "Falling back to a synchronous message for: https://www.cambridgeone.org."
console.warn: LoginRecipes: "Falling back to a synchronous message for: https://www.cambridgeone.org."
console.warn: LoginRecipes: "Falling back to a synchronous message for: https://www.cambridgeone.org."
console.warn: LoginRecipes: "Falling back to a synchronous message for: https://www.cambridgeone.org."
console.warn: LoginRecipes: "Falling back to a synchronous message for: https://www.cambridgeone.org."
console.warn: LoginRecipes: "Falling back to a synchronous message for: https://www.cambridgeone.org."
console.warn: LoginRecipes: "Falling back to a synchronous message for: https://www.cambridgeone.org."
console.warn: LoginRecipes: "Falling back to a synchronous message for: https://www.cambridgeone.org."
console.warn: LoginRecipes: "Falling back to a synchronous message for: https://www.cambridgeone.org."
console.warn: LoginRecipes: "Falling back to a synchronous message for: https://www.cambridgeone.org."
console.warn: LoginRecipes: "Falling back to a synchronous message for: https://www.cambridgeone.org."
console.warn: LoginRecipes: "Falling back to a synchronous message for: https://www.cambridgeone.org."
console.warn: LoginRecipes: "Falling back to a synchronous message for: https://www.cambridgeone.org."
console.warn: LoginRecipes: "Falling back to a synchronous message for: https://www.cambridgeone.org."
console.warn: LoginRecipes: "Falling back to a synchronous message for: https://www.cambridgeone.org."
JavaScript error: https://www.cambridgeone.org/notifications/js/announcement-component.js?v=1719982488329, line 2: SyntaxError: JSON.parse: unexpected character at line 1 column 1 of the JSON data
console.warn: LoginRecipes: "Falling back to a synchronous message for: https://www.cambridgeone.org."
console.warn: LoginRecipes: "Falling back to a synchronous message for: https://www.cambridgeone.org."
console.warn: LoginRecipes: "Falling back to a synchronous message for: https://www.cambridgeone.org."
console.warn: LoginRecipes: "Falling back to a synchronous message for: https://www.cambridgeone.org."
console.warn: LoginRecipes: "Falling back to a synchronous message for: https://www.cambridgeone.org."
console.warn: LoginRecipes: "Falling back to a synchronous message for: https://www.cambridgeone.org."
console.warn: LoginRecipes: "Falling back to a synchronous message for: https://www.cambridgeone.org."
console.error: "update.locale" " file doesn't exist in either the application or GRE directories"
1719982509791	addons.xpi	ERROR	System addon update list error SyntaxError: XMLHttpRequest.open: 'http://%(server)s/dummy-system-addons.xml' is not a valid URL.
1719982528019	Marionette	INFO	Stopped listening on port 41347
JavaScript warning: https://content.cambridgeone.org/cup1/products/evdgl3bsc/12/assets/deps/engine/buckminster-36.0.0-beta.6.0/player.js, line 1: Script terminated by timeout at:
restArguments/<@https://content.cambridgeone.org/cup1/products/evdgl3bsc/12/assets/deps/engine/buckminster-36.0.0-beta.6.0/player.js:1:244604

1719982969135	geckodriver	INFO	Listening on 127.0.0.1:59259
1719982969531	mozrunner::runner	INFO	Running command: MOZ_CRASHREPORTER="1" MOZ_CRASHREPORTER_NO_REPORT="1" MOZ_CRASHREPORTER_SHUTDOWN="1" MOZ_NO_REMOTE="1" "/sna ... te" "--remote-debugging-port" "53617" "--remote-allow-hosts" "localhost" "-no-remote" "-profile" "/tmp/rust_mozprofileJzbpxE"
Gtk-Message: 00:02:49.566: Not loading module "atk-bridge": The functionality is provided by GTK natively. Please try to not load it.
[91514, Main Thread] WARNING: GTK+ module /snap/firefox/4483/gnome-platform/usr/lib/gtk-2.0/modules/libcanberra-gtk-module.so cannot be loaded.
GTK+ 2.x symbols detected. Using GTK+ 2.x and GTK+ 3 in the same process is not supported.: 'glib warning', file /build/firefox/parts/firefox/build/toolkit/xre/nsSigHandlers.cpp:187

(firefox:91514): Gtk-WARNING **: 00:02:49.655: GTK+ module /snap/firefox/4483/gnome-platform/usr/lib/gtk-2.0/modules/libcanberra-gtk-module.so cannot be loaded.
GTK+ 2.x symbols detected. Using GTK+ 2.x and GTK+ 3 in the same process is not supported.
Gtk-Message: 00:02:49.655: Failed to load module "canberra-gtk-module"
[91514, Main Thread] WARNING: GTK+ module /snap/firefox/4483/gnome-platform/usr/lib/gtk-2.0/modules/libcanberra-gtk-module.so cannot be loaded.
GTK+ 2.x symbols detected. Using GTK+ 2.x and GTK+ 3 in the same process is not supported.: 'glib warning', file /build/firefox/parts/firefox/build/toolkit/xre/nsSigHandlers.cpp:187

(firefox:91514): Gtk-WARNING **: 00:02:49.656: GTK+ module /snap/firefox/4483/gnome-platform/usr/lib/gtk-2.0/modules/libcanberra-gtk-module.so cannot be loaded.
GTK+ 2.x symbols detected. Using GTK+ 2.x and GTK+ 3 in the same process is not supported.
Gtk-Message: 00:02:49.656: Failed to load module "canberra-gtk-module"
console.warn: services.settings: Ignoring preference override of remote settings server
console.warn: services.settings: Allow by setting MOZ_REMOTE_SETTINGS_DEVTOOLS=1 in the environment
1719982970468	Marionette	INFO	Marionette enabled
1719982971736	Marionette	INFO	Listening on port 41953
WebDriver BiDi listening on ws://127.0.0.1:53617
Read port: 41953
1719982972355	RemoteAgent	WARN	TLS certificate errors will be ignored for this session
console.error: ({})
DevTools listening on ws://127.0.0.1:53617/devtools/browser/ed4a4afe-8aaa-4d44-8d48-7bd8f6274883
console.error: (new TypeError("this._searchProviderInfo is null", "resource:///modules/SearchSERPTelemetry.sys.mjs", 939))
JavaScript error: https://www.cambridgeone.org/notifications/js/announcement-component.js?v=1719982978389, line 2: SyntaxError: JSON.parse: unexpected character at line 1 column 1 of the JSON data
console.warn: LoginRecipes: "Falling back to a synchronous message for: https://www.cambridgeone.org."
console.warn: LoginRecipes: "Falling back to a synchronous message for: https://www.cambridgeone.org."
console.warn: LoginRecipes: "Falling back to a synchronous message for: https://www.cambridgeone.org."
console.warn: LoginRecipes: "Falling back to a synchronous message for: https://www.cambridgeone.org."
console.warn: LoginRecipes: "Falling back to a synchronous message for: https://www.cambridgeone.org."
console.warn: LoginRecipes: "Falling back to a synchronous message for: https://www.cambridgeone.org."
console.warn: LoginRecipes: "Falling back to a synchronous message for: https://www.cambridgeone.org."
console.warn: LoginRecipes: "Falling back to a synchronous message for: https://www.cambridgeone.org."
console.warn: LoginRecipes: "Falling back to a synchronous message for: https://www.cambridgeone.org."
console.warn: LoginRecipes: "Falling back to a synchronous message for: https://www.cambridgeone.org."
console.warn: LoginRecipes: "Falling back to a synchronous message for: https://www.cambridgeone.org."
console.warn: LoginRecipes: "Falling back to a synchronous message for: https://www.cambridgeone.org."
console.warn: LoginRecipes: "Falling back to a synchronous message for: https://www.cambridgeone.org."
console.warn: LoginRecipes: "Falling back to a synchronous message for: https://www.cambridgeone.org."
console.warn: LoginRecipes: "Falling back to a synchronous message for: https://www.cambridgeone.org."
console.warn: LoginRecipes: "Falling back to a synchronous message for: https://www.cambridgeone.org."
console.warn: LoginRecipes: "Falling back to a synchronous message for: https://www.cambridgeone.org."
console.warn: LoginRecipes: "Falling back to a synchronous message for: https://www.cambridgeone.org."
console.warn: LoginRecipes: "Falling back to a synchronous message for: https://www.cambridgeone.org."
console.warn: LoginRecipes: "Falling back to a synchronous message for: https://www.cambridgeone.org."
console.warn: LoginRecipes: "Falling back to a synchronous message for: https://www.cambridgeone.org."
console.warn: LoginRecipes: "Falling back to a synchronous message for: https://www.cambridgeone.org."
console.warn: LoginRecipes: "Falling back to a synchronous message for: https://www.cambridgeone.org."
console.warn: LoginRecipes: "Falling back to a synchronous message for: https://www.cambridgeone.org."
JavaScript error: https://www.cambridgeone.org/notifications/js/announcement-component.js?v=1719982978389, line 2: SyntaxError: JSON.parse: unexpected character at line 1 column 1 of the JSON data
console.warn: LoginRecipes: "Falling back to a synchronous message for: https://www.cambridgeone.org."
console.warn: LoginRecipes: "Falling back to a synchronous message for: https://www.cambridgeone.org."
console.warn: LoginRecipes: "Falling back to a synchronous message for: https://www.cambridgeone.org."
console.warn: LoginRecipes: "Falling back to a synchronous message for: https://www.cambridgeone.org."
console.warn: LoginRecipes: "Falling back to a synchronous message for: https://www.cambridgeone.org."
console.warn: LoginRecipes: "Falling back to a synchronous message for: https://www.cambridgeone.org."
console.warn: LoginRecipes: "Falling back to a synchronous message for: https://www.cambridgeone.org."
console.warn: LoginRecipes: "Falling back to a synchronous message for: https://www.cambridgeone.org."
console.warn: LoginRecipes: "Falling back to a synchronous message for: https://www.cambridgeone.org."
console.warn: LoginRecipes: "Falling back to a synchronous message for: https://www.cambridgeone.org."
console.error: "update.locale" " file doesn't exist in either the application or GRE directories"
1719983000550	addons.xpi	ERROR	System addon update list error SyntaxError: XMLHttpRequest.open: 'http://%(server)s/dummy-system-addons.xml' is not a valid URL.
1719983017211	Marionette	INFO	Stopped listening on port 41953
JavaScript warning: https://content.cambridgeone.org/cup1/products/evdgl3bsc/12/assets/deps/engine/buckminster-36.0.0-beta.6.0/player.js, line 1: Script terminated by timeout at:
delay</<@https://content.cambridgeone.org/cup1/products/evdgl3bsc/12/assets/deps/engine/buckminster-36.0.0-beta.6.0/player.js:1:255250

1719987242392	geckodriver	INFO	Listening on 127.0.0.1:50475
1719987242787	mozrunner::runner	INFO	Running command: MOZ_CRASHREPORTER="1" MOZ_CRASHREPORTER_NO_REPORT="1" MOZ_CRASHREPORTER_SHUTDOWN="1" MOZ_NO_REMOTE="1" "/sna ... te" "--remote-debugging-port" "54269" "--remote-allow-hosts" "localhost" "-no-remote" "-profile" "/tmp/rust_mozprofileaeVLHF"
Gtk-Message: 01:14:02.823: Not loading module "atk-bridge": The functionality is provided by GTK natively. Please try to not load it.
[94635, Main Thread] WARNING: GTK+ module /snap/firefox/4483/gnome-platform/usr/lib/gtk-2.0/modules/libcanberra-gtk-module.so cannot be loaded.
GTK+ 2.x symbols detected. Using GTK+ 2.x and GTK+ 3 in the same process is not supported.: 'glib warning', file /build/firefox/parts/firefox/build/toolkit/xre/nsSigHandlers.cpp:187

(firefox:94635): Gtk-WARNING **: 01:14:02.976: GTK+ module /snap/firefox/4483/gnome-platform/usr/lib/gtk-2.0/modules/libcanberra-gtk-module.so cannot be loaded.
GTK+ 2.x symbols detected. Using GTK+ 2.x and GTK+ 3 in the same process is not supported.
Gtk-Message: 01:14:02.976: Failed to load module "canberra-gtk-module"
[94635, Main Thread] WARNING: GTK+ module /snap/firefox/4483/gnome-platform/usr/lib/gtk-2.0/modules/libcanberra-gtk-module.so cannot be loaded.
GTK+ 2.x symbols detected. Using GTK+ 2.x and GTK+ 3 in the same process is not supported.: 'glib warning', file /build/firefox/parts/firefox/build/toolkit/xre/nsSigHandlers.cpp:187

(firefox:94635): Gtk-WARNING **: 01:14:02.978: GTK+ module /snap/firefox/4483/gnome-platform/usr/lib/gtk-2.0/modules/libcanberra-gtk-module.so cannot be loaded.
GTK+ 2.x symbols detected. Using GTK+ 2.x and GTK+ 3 in the same process is not supported.
Gtk-Message: 01:14:02.978: Failed to load module "canberra-gtk-module"
console.warn: services.settings: Ignoring preference override of remote settings server
console.warn: services.settings: Allow by setting MOZ_REMOTE_SETTINGS_DEVTOOLS=1 in the environment
1719987243821	Marionette	INFO	Marionette enabled
1719987245309	Marionette	INFO	Listening on port 33345
WebDriver BiDi listening on ws://127.0.0.1:54269
Read port: 33345
1719987246045	RemoteAgent	WARN	TLS certificate errors will be ignored for this session
console.error: ({})
DevTools listening on ws://127.0.0.1:54269/devtools/browser/68612165-27dc-4810-b90d-e3ac2dbff77e
JavaScript error: https://www.cambridgeone.org/notifications/js/announcement-component.js?v=1719987253266, line 2: SyntaxError: JSON.parse: unexpected character at line 1 column 1 of the JSON data
console.warn: LoginRecipes: "Falling back to a synchronous message for: https://www.cambridgeone.org."
console.warn: LoginRecipes: "Falling back to a synchronous message for: https://www.cambridgeone.org."
console.warn: LoginRecipes: "Falling back to a synchronous message for: https://www.cambridgeone.org."
console.warn: LoginRecipes: "Falling back to a synchronous message for: https://www.cambridgeone.org."
console.warn: LoginRecipes: "Falling back to a synchronous message for: https://www.cambridgeone.org."
console.warn: LoginRecipes: "Falling back to a synchronous message for: https://www.cambridgeone.org."
console.warn: LoginRecipes: "Falling back to a synchronous message for: https://www.cambridgeone.org."
console.warn: LoginRecipes: "Falling back to a synchronous message for: https://www.cambridgeone.org."
console.warn: LoginRecipes: "Falling back to a synchronous message for: https://www.cambridgeone.org."
console.warn: LoginRecipes: "Falling back to a synchronous message for: https://www.cambridgeone.org."
console.warn: LoginRecipes: "Falling back to a synchronous message for: https://www.cambridgeone.org."
console.warn: LoginRecipes: "Falling back to a synchronous message for: https://www.cambridgeone.org."
console.warn: LoginRecipes: "Falling back to a synchronous message for: https://www.cambridgeone.org."
console.warn: LoginRecipes: "Falling back to a synchronous message for: https://www.cambridgeone.org."
console.warn: LoginRecipes: "Falling back to a synchronous message for: https://www.cambridgeone.org."
console.warn: LoginRecipes: "Falling back to a synchronous message for: https://www.cambridgeone.org."
console.warn: LoginRecipes: "Falling back to a synchronous message for: https://www.cambridgeone.org."
console.warn: LoginRecipes: "Falling back to a synchronous message for: https://www.cambridgeone.org."
console.warn: LoginRecipes: "Falling back to a synchronous message for: https://www.cambridgeone.org."
console.warn: LoginRecipes: "Falling back to a synchronous message for: https://www.cambridgeone.org."
console.warn: LoginRecipes: "Falling back to a synchronous message for: https://www.cambridgeone.org."
console.warn: LoginRecipes: "Falling back to a synchronous message for: https://www.cambridgeone.org."
console.warn: LoginRecipes: "Falling back to a synchronous message for: https://www.cambridgeone.org."
console.warn: LoginRecipes: "Falling back to a synchronous message for: https://www.cambridgeone.org."
JavaScript error: https://www.cambridgeone.org/notifications/js/announcement-component.js?v=1719987253266, line 2: SyntaxError: JSON.parse: unexpected character at line 1 column 1 of the JSON data
console.warn: LoginRecipes: "Falling back to a synchronous message for: https://www.cambridgeone.org."
console.warn: LoginRecipes: "Falling back to a synchronous message for: https://www.cambridgeone.org."
console.warn: LoginRecipes: "Falling back to a synchronous message for: https://www.cambridgeone.org."
console.warn: LoginRecipes: "Falling back to a synchronous message for: https://www.cambridgeone.org."
console.warn: LoginRecipes: "Falling back to a synchronous message for: https://www.cambridgeone.org."
console.warn: LoginRecipes: "Falling back to a synchronous message for: https://www.cambridgeone.org."
console.warn: LoginRecipes: "Falling back to a synchronous message for: https://www.cambridgeone.org."
console.warn: LoginRecipes: "Falling back to a synchronous message for: https://www.cambridgeone.org."
console.warn: LoginRecipes: "Falling back to a synchronous message for: https://www.cambridgeone.org."
console.warn: LoginRecipes: "Falling back to a synchronous message for: https://www.cambridgeone.org."
console.error: "update.locale" " file doesn't exist in either the application or GRE directories"
1719987273843	addons.xpi	ERROR	System addon update list error SyntaxError: XMLHttpRequest.open: 'http://%(server)s/dummy-system-addons.xml' is not a valid URL.
1719987293328	Marionette	INFO	Stopped listening on port 33345
JavaScript warning: https://content.cambridgeone.org/cup1/products/evdgl3bsc/12/assets/deps/engine/buckminster-36.0.0-beta.6.0/player.js, line 1: Script terminated by timeout at:
delay</<@https://content.cambridgeone.org/cup1/products/evdgl3bsc/12/assets/deps/engine/buckminster-36.0.0-beta.6.0/player.js:1:255250
setTimeout handler*delay<@https://content.cambridgeone.org/cup1/products/evdgl3bsc/12/assets/deps/engine/buckminster-36.0.0-beta.6.0/player.js:1:255228
restArguments/<@https://content.cambridgeone.org/cup1/products/evdgl3bsc/12/assets/deps/engine/buckminster-36.0.0-beta.6.0/player.js:1:244871
executeBound@https://content.cambridgeone.org/cup1/products/evdgl3bsc/12/assets/deps/engine/buckminster-36.0.0-beta.6.0/player.js:1:253680
bound@https://content.cambridgeone.org/cup1/products/evdgl3bsc/12/assets/deps/engine/buckminster-36.0.0-beta.6.0/player.js:1:254135
syndication@https://content.cambridgeone.org/cup1/products/evdgl3bsc/12/assets/deps/dp/cup-rdp-base-0.58/js.js:168:9
delay</<@https://content.cambridgeone.org/cup1/products/evdgl3bsc/12/assets/deps/engine/buckminster-36.0.0-beta.6.0/player.js:1:255262
setTimeout handler*delay<@https://content.cambridgeone.org/cup1/products/evdgl3bsc/12/assets/deps/engine/buckminster-36.0.0-beta.6.0/player.js:1:255228
restArguments/<@https://content.cambridgeone.org/cup1/products/evdgl3bsc/12/assets/deps/engine/buckminster-36.0.0-beta.6.0/player.js:1:244871
executeBound@https://content.cambridgeone.org/cup1/products/evdgl3bsc/12/assets/deps/engine/buckminster-36.0.0-beta.6.0/player.js:1:253680
bound@https://content.cambridgeone.org/cup1/products/evdgl3bsc/12/assets/deps/engine/buckminster-36.0.0-beta.6.0/player.js:1:254135
syndication@https://content.cambridgeone.org/cup1/products/evdgl3bsc/12/assets/deps/dp/cup-rdp-base-0.58/js.js:168:9
delay</<@https://content.cambridgeone.org/cup1/products/evdgl3bsc/12/assets/deps/engine/buckminster-36.0.0-beta.6.0/player.js:1:255262
setTimeout handler*delay<@https://content.cambridgeone.org/cup1/products/evdgl3bsc/12/assets/deps/engine/buckminster-36.0.0-beta.6.0/player.js:1:255228
restArguments/<@https://content.cambridgeone.org/cup1/products/evdgl3bsc/12/assets/deps/engine/buckminster-36.0.0-beta.6.0/player.js:1:244871
executeBound@https://content.cambridgeone.org/cup1/products/evdgl3bsc/12/assets/deps/engine/buckminster-36.0.0-beta.6.0/player.js:1:253680
bound@https://content.cambridgeone.org/cup1/products/evdgl3bsc/12/assets/deps/engine/buckminster-36.0.0-beta.6.0/player.js:1:254135
syndication@https://content.cambridgeone.org/cup1/products/evdgl3bsc/12/assets/deps/dp/cup-rdp-base-0.58/js.js:168:9
delay</<@https://content.cambridgeone.org/cup1/products/evdgl3bsc/12/assets/deps/engine/buckminster-36.0.0-beta.6.0/player.js:1:255262
setTimeout handler*delay<@https://content.cambridgeone.org/cup1/products/evdgl3bsc/12/assets/deps/engine/buckminster-36.0.0-beta.6.0/player.js:1:255228
restArguments/<@https://content.cambridgeone.org/cup1/products/evdgl3bsc/12/assets/deps/engine/buckminster-36.0.0-beta.6.0/player.js:1:244871
executeBound@https://content.cambridgeone.org/cup1/products/evdgl3bsc/12/assets/deps/engine/buckminster-36.0.0-beta.6.0/player.js:1:253680
bound@https://content.cambridgeone.org/cup1/products/evdgl3bsc/12/assets/deps/engine/buckminster-36.0.0-beta.6.0/player.js:1:254135
syndication@https://content.cambridgeone.org/cup1/products/evdgl3bsc/12/assets/deps/dp/cup-rdp-base-0.58/js.js:168:9
delay</<@https://content.cambridgeone.org/cup1/products/evdgl3bsc/12/assets/deps/engine/buckminster-36.0.0-beta.6.0/player.js:1:255262
setTimeout handler*delay<@https://content.cambridgeone.org/cup1/products/evdgl3bsc/12/assets/deps/engine/buckminster-36.0.0-beta.6.0/player.js:1:255228
restArguments/<@https://content.cambridgeone.org/cup1/products/evdgl3bsc/12/assets/deps/engine/buckminster-36.0.0-beta.6.0/player.js:1:244871
executeBound@https://content.cambridgeone.org/cup1/products/evdgl3bsc/12/assets/deps/engine/buckminster-36.0.0-beta.6.0/player.js:1:253680
bound@https://content.cambridgeone.org/cup1/products/evdgl3bsc/12/assets/deps/engine/buckminster-36.0.0-beta.6.0/player.js:1:254135
syndication@https://content.cambridgeone.org/cup1/products/evdgl3bsc/12/assets/deps/dp/cup-rdp-base-0.58/js.js:168:9
delay</<@https://content.cambridgeone.org/cup1/products/evdgl3bsc/12/assets/deps/engine/buckminster-36.0.0-beta.6.0/player.js:1:255262
setTimeout handler*delay<@https://content.cambridgeone.org/cup1/products/evdgl3bsc/12/assets/deps/engine/buckminster-36.0.0-beta.6.0/player.js:1:255228
restArguments/<@https://content.cambridgeone.org/cup1/products/evdgl3bsc/12/assets/deps/engine/buckminster-36.0.0-beta.6.0/player.js:1:244871
executeBound@https://content.cambridgeone.org/cup1/products/evdgl3bsc/12/assets/deps/engine/buckminster-36.0.0-beta.6.0/player.js:1:253680
bound@https://content.cambridgeone.org/cup1/products/evdgl3bsc/12/assets/deps/engine/buckminster-36.0.0-beta.6.0/player.js:1:254135
syndication@https://content.cambridgeone.org/cup1/products/evdgl3bsc/12/assets/deps/dp/cup-rdp-base-0.58/js.js:168:9
delay</<@https://content.cambridgeone.org/cup1/products/evdgl3bsc/12/assets/deps/engine/buckminster-36.0.0-beta.6.0/player.js:1:255262
setTimeout handler*delay<@https://content.cambridgeone.org/cup1/products/evdgl3bsc/12/assets/deps/engine/buckminster-36.0.0-beta.6.0/player.js:1:255228
restArguments/<@https://content.cambridgeone.org/cup1/products/evdgl3bsc/12/assets/deps/engine/buckminster-36.0.0-beta.6.0/player.js:1:244871
executeBound@https://content.cambridgeone.org/cup1/products/evdgl3bsc/12/assets/deps/engine/buckminster-36.0.0-beta.6.0/player.js:1:253680
bound@https://content.cambridgeone.org/cup1/products/evdgl3bsc/12/assets/deps/engine/buckminster-36.0.0-beta.6.0/player.js:1:254135
syndication@https://content.cambridgeone.org/cup1/products/evdgl3bsc/12/assets/deps/dp/cup-rdp-base-0.58/js.js:168:9
delay</<@https://content.cambridgeone.org/cup1/products/evdgl3bsc/12/assets/deps/engine/buckminster-36.0.0-beta.6.0/player.js:1:255262
setTimeout handler*delay<@https://content.cambridgeone.org/cup1/products/evdgl3bsc/12/assets/deps/engine/buckminster-36.0.0-beta.6.0/player.js:1:255228
restArguments/<@https://content.cambridgeone.org/cup1/products/evdgl3bsc/12/assets/deps/engine/buckminster-36.0.0-beta.6.0/player.js:1:244871
executeBound@https://content.cambridgeone.org/cup1/products/evdgl3bsc/12/assets/deps/engine/buckminster-36.0.0-beta.6.0/player.js:1:253680
bound@https://content.cambridgeone.org/cup1/products/evdgl3bsc/12/assets/deps/engine/buckminster-36.0.0-beta.6.0/player.js:1:254135
syndication@https://content.cambridgeone.org/cup1/products/evdgl3bsc/12/assets/deps/dp/cup-rdp-base-0.58/js.js:168:9
delay</<@https://content.cambridgeone.org/cup1/products/evdgl3bsc/12/assets/deps/engine/buckminster-36.0.0-beta.6.0/player.js:1:255262

JavaScript error: , line 0: NotFoundError: No such JSProcessActor 'DevToolsProcess'
JavaScript error: , line 0: NotFoundError: No such JSProcessActor 'DevToolsProcess'
JavaScript error: , line 0: NotFoundError: No such JSProcessActor 'DevToolsProcess'
JavaScript error: , line 0: NotFoundError: No such JSProcessActor 'DevToolsProcess'
JavaScript error: , line 0: NotFoundError: No such JSProcessActor 'DevToolsProcess'
JavaScript error: , line 0: NotFoundError: No such JSProcessActor 'DevToolsProcess'
JavaScript error: , line 0: NotFoundError: No such JSProcessActor 'DevToolsProcess'
1720020006310	geckodriver	INFO	Listening on 127.0.0.1:48459
1720020006693	mozrunner::runner	INFO	Running command: MOZ_CRASHREPORTER="1" MOZ_CRASHREPORTER_NO_REPORT="1" MOZ_CRASHREPORTER_SHUTDOWN="1" MOZ_NO_REMOTE="1" "/sna ... te" "--remote-debugging-port" "59007" "--remote-allow-hosts" "localhost" "-no-remote" "-profile" "/tmp/rust_mozprofileWF59Cy"
Gtk-Message: 10:20:06.727: Not loading module "atk-bridge": The functionality is provided by GTK natively. Please try to not load it.
[102415, Main Thread] WARNING: GTK+ module /snap/firefox/4483/gnome-platform/usr/lib/gtk-2.0/modules/libcanberra-gtk-module.so cannot be loaded.
GTK+ 2.x symbols detected. Using GTK+ 2.x and GTK+ 3 in the same process is not supported.: 'glib warning', file /build/firefox/parts/firefox/build/toolkit/xre/nsSigHandlers.cpp:187

(firefox:102415): Gtk-WARNING **: 10:20:06.813: GTK+ module /snap/firefox/4483/gnome-platform/usr/lib/gtk-2.0/modules/libcanberra-gtk-module.so cannot be loaded.
GTK+ 2.x symbols detected. Using GTK+ 2.x and GTK+ 3 in the same process is not supported.
Gtk-Message: 10:20:06.813: Failed to load module "canberra-gtk-module"
[102415, Main Thread] WARNING: GTK+ module /snap/firefox/4483/gnome-platform/usr/lib/gtk-2.0/modules/libcanberra-gtk-module.so cannot be loaded.
GTK+ 2.x symbols detected. Using GTK+ 2.x and GTK+ 3 in the same process is not supported.: 'glib warning', file /build/firefox/parts/firefox/build/toolkit/xre/nsSigHandlers.cpp:187

(firefox:102415): Gtk-WARNING **: 10:20:06.815: GTK+ module /snap/firefox/4483/gnome-platform/usr/lib/gtk-2.0/modules/libcanberra-gtk-module.so cannot be loaded.
GTK+ 2.x symbols detected. Using GTK+ 2.x and GTK+ 3 in the same process is not supported.
Gtk-Message: 10:20:06.815: Failed to load module "canberra-gtk-module"
console.warn: services.settings: Ignoring preference override of remote settings server
console.warn: services.settings: Allow by setting MOZ_REMOTE_SETTINGS_DEVTOOLS=1 in the environment
1720020007618	Marionette	INFO	Marionette enabled
1720020008919	Marionette	INFO	Listening on port 34821
WebDriver BiDi listening on ws://127.0.0.1:59007
Read port: 34821
1720020009550	RemoteAgent	WARN	TLS certificate errors will be ignored for this session
console.error: ({})
DevTools listening on ws://127.0.0.1:59007/devtools/browser/9b192cfe-4201-49de-b7ff-e455a588abe9
console.error: (new TypeError("this._searchProviderInfo is null", "resource:///modules/SearchSERPTelemetry.sys.mjs", 939))
JavaScript error: resource:///modules/SearchSERPTelemetry.sys.mjs, line 939: TypeError: this._searchProviderInfo is null
JavaScript error: resource:///modules/SearchSERPTelemetry.sys.mjs, line 939: TypeError: this._searchProviderInfo is null
JavaScript error: https://www.cambridgeone.org/notifications/js/announcement-component.js?v=1720020015715, line 2: SyntaxError: JSON.parse: unexpected character at line 1 column 1 of the JSON data
console.warn: LoginRecipes: "Falling back to a synchronous message for: https://www.cambridgeone.org."
console.warn: LoginRecipes: "Falling back to a synchronous message for: https://www.cambridgeone.org."
console.warn: LoginRecipes: "Falling back to a synchronous message for: https://www.cambridgeone.org."
console.warn: LoginRecipes: "Falling back to a synchronous message for: https://www.cambridgeone.org."
console.warn: LoginRecipes: "Falling back to a synchronous message for: https://www.cambridgeone.org."
console.warn: LoginRecipes: "Falling back to a synchronous message for: https://www.cambridgeone.org."
console.warn: LoginRecipes: "Falling back to a synchronous message for: https://www.cambridgeone.org."
console.warn: LoginRecipes: "Falling back to a synchronous message for: https://www.cambridgeone.org."
console.warn: LoginRecipes: "Falling back to a synchronous message for: https://www.cambridgeone.org."
console.warn: LoginRecipes: "Falling back to a synchronous message for: https://www.cambridgeone.org."
console.warn: LoginRecipes: "Falling back to a synchronous message for: https://www.cambridgeone.org."
console.warn: LoginRecipes: "Falling back to a synchronous message for: https://www.cambridgeone.org."
console.warn: LoginRecipes: "Falling back to a synchronous message for: https://www.cambridgeone.org."
console.warn: LoginRecipes: "Falling back to a synchronous message for: https://www.cambridgeone.org."
console.warn: LoginRecipes: "Falling back to a synchronous message for: https://www.cambridgeone.org."
console.warn: LoginRecipes: "Falling back to a synchronous message for: https://www.cambridgeone.org."
console.warn: LoginRecipes: "Falling back to a synchronous message for: https://www.cambridgeone.org."
console.warn: LoginRecipes: "Falling back to a synchronous message for: https://www.cambridgeone.org."
console.warn: LoginRecipes: "Falling back to a synchronous message for: https://www.cambridgeone.org."
console.warn: LoginRecipes: "Falling back to a synchronous message for: https://www.cambridgeone.org."
console.warn: LoginRecipes: "Falling back to a synchronous message for: https://www.cambridgeone.org."
console.warn: LoginRecipes: "Falling back to a synchronous message for: https://www.cambridgeone.org."
console.warn: LoginRecipes: "Falling back to a synchronous message for: https://www.cambridgeone.org."
console.warn: LoginRecipes: "Falling back to a synchronous message for: https://www.cambridgeone.org."
JavaScript error: https://www.cambridgeone.org/notifications/js/announcement-component.js?v=1720020015715, line 2: SyntaxError: JSON.parse: unexpected character at line 1 column 1 of the JSON data
console.warn: LoginRecipes: "Falling back to a synchronous message for: https://www.cambridgeone.org."
console.warn: LoginRecipes: "Falling back to a synchronous message for: https://www.cambridgeone.org."
console.warn: LoginRecipes: "Falling back to a synchronous message for: https://www.cambridgeone.org."
console.warn: LoginRecipes: "Falling back to a synchronous message for: https://www.cambridgeone.org."
console.warn: LoginRecipes: "Falling back to a synchronous message for: https://www.cambridgeone.org."
console.warn: LoginRecipes: "Falling back to a synchronous message for: https://www.cambridgeone.org."
console.warn: LoginRecipes: "Falling back to a synchronous message for: https://www.cambridgeone.org."
console.warn: LoginRecipes: "Falling back to a synchronous message for: https://www.cambridgeone.org."
console.warn: LoginRecipes: "Falling back to a synchronous message for: https://www.cambridgeone.org."
console.warn: LoginRecipes: "Falling back to a synchronous message for: https://www.cambridgeone.org."
console.warn: LoginRecipes: "Falling back to a synchronous message for: https://www.cambridgeone.org."
console.warn: LoginRecipes: "Falling back to a synchronous message for: https://www.cambridgeone.org."
console.warn: LoginRecipes: "Falling back to a synchronous message for: https://www.cambridgeone.org."
1720020034377	Marionette	INFO	Stopped listening on port 34821
JavaScript warning: https://www.cambridgeone.org/nlp/learner/org_cup_LoOD04liC7F0T_ectop1d/class/4b49094e-7e48-471a-a19b-1dcbde473812/product/evdgl3bsc/assignment/88ba7a87-0801-4e85-87fd-31fd89768273/view/item/1642751328242%2F1642989774005%2F1643164941082, line 18: Script terminated by timeout at:
nrWrapper@https://www.cambridgeone.org/nlp/learner/org_cup_LoOD04liC7F0T_ectop1d/class/4b49094e-7e48-471a-a19b-1dcbde473812/product/evdgl3bsc/assignment/88ba7a87-0801-4e85-87fd-31fd89768273/view/item/1642751328242%2F1642989774005%2F1643164941082:18:16473

console.error: (new InvalidStateError("JSWindowActorChild.sendAsyncMessage: JSWindowActorChild cannot send at the moment", (void 0), 565))
JavaScript error: resource:///modules/FaviconLoader.sys.mjs, line 581: InvalidStateError: JSWindowActorChild.sendAsyncMessage: JSWindowActorChild cannot send at the moment
